{"/home/travis/build/npmtest/node-npmtest-nplaym/test.js":{"path":"/home/travis/build/npmtest/node-npmtest-nplaym/test.js","s":{"1":2,"2":2,"3":2,"4":2,"5":2,"6":2,"7":2,"8":1,"9":2,"10":2,"11":1,"12":1,"13":1,"14":1,"15":2,"16":2,"17":2,"18":2,"19":1,"20":1,"21":2,"22":2,"23":2,"24":1,"25":1,"26":1,"27":1,"28":1,"29":1,"30":1,"31":1,"32":1,"33":1,"34":1,"35":1,"36":1,"37":1,"38":1,"39":2,"40":2,"41":1,"42":2,"43":2,"44":1,"45":2,"46":2,"47":1,"48":2,"49":2,"50":1,"51":1,"52":1,"53":1,"54":1},"b":{"1":[2,1,1,1],"2":[1,1,1,1],"3":[1,1],"4":[1,1],"5":[1,1],"6":[1,1],"7":[1,1],"8":[1,1],"9":[1,1],"10":[1,1,1],"11":[1,1],"12":[1,1],"13":[1,1],"14":[1,1],"15":[1,1],"16":[1,1],"17":[1,1]},"f":{"1":2,"2":2,"3":2,"4":2,"5":2,"6":1,"7":1,"8":1,"9":2,"10":2,"11":2,"12":2,"13":1},"fnMap":{"1":{"name":"(anonymous_1)","line":12,"loc":{"start":{"line":12,"column":1},"end":{"line":12,"column":13}}},"2":{"name":"(anonymous_2)","line":19,"loc":{"start":{"line":19,"column":5},"end":{"line":19,"column":17}}},"3":{"name":"(anonymous_3)","line":23,"loc":{"start":{"line":23,"column":24},"end":{"line":23,"column":36}}},"4":{"name":"(anonymous_4)","line":61,"loc":{"start":{"line":61,"column":5},"end":{"line":61,"column":17}}},"5":{"name":"(anonymous_5)","line":82,"loc":{"start":{"line":82,"column":5},"end":{"line":82,"column":17}}},"6":{"name":"(anonymous_6)","line":91,"loc":{"start":{"line":91,"column":77},"end":{"line":94,"column":10}}},"7":{"name":"(anonymous_7)","line":112,"loc":{"start":{"line":112,"column":83},"end":{"line":115,"column":10}},"skip":true},"8":{"name":"(anonymous_8)","line":123,"loc":{"start":{"line":123,"column":77},"end":{"line":126,"column":10}},"skip":true},"9":{"name":"(anonymous_9)","line":139,"loc":{"start":{"line":139,"column":12},"end":{"line":139,"column":40}},"skip":true},"10":{"name":"(anonymous_10)","line":147,"loc":{"start":{"line":147,"column":77},"end":{"line":150,"column":10}},"skip":true},"11":{"name":"(anonymous_11)","line":158,"loc":{"start":{"line":158,"column":83},"end":{"line":161,"column":10}},"skip":true},"12":{"name":"(anonymous_12)","line":169,"loc":{"start":{"line":169,"column":79},"end":{"line":172,"column":10}},"skip":true},"13":{"name":"(anonymous_13)","line":180,"loc":{"start":{"line":180,"column":75},"end":{"line":183,"column":10}},"skip":true}},"statementMap":{"1":{"start":{"line":12,"column":0},"end":{"line":195,"column":5}},"2":{"start":{"line":14,"column":4},"end":{"line":14,"column":14}},"3":{"start":{"line":19,"column":4},"end":{"line":56,"column":9}},"4":{"start":{"line":21,"column":8},"end":{"line":21,"column":19}},"5":{"start":{"line":23,"column":8},"end":{"line":35,"column":13}},"6":{"start":{"line":24,"column":12},"end":{"line":34,"column":13}},"7":{"start":{"line":25,"column":16},"end":{"line":28,"column":30}},"8":{"start":{"line":30,"column":16},"end":{"line":33,"column":27}},"9":{"start":{"line":37,"column":8},"end":{"line":39,"column":21}},"10":{"start":{"line":40,"column":8},"end":{"line":53,"column":9}},"11":{"start":{"line":43,"column":12},"end":{"line":46,"column":14}},"12":{"start":{"line":47,"column":12},"end":{"line":47,"column":18}},"13":{"start":{"line":50,"column":12},"end":{"line":51,"column":33}},"14":{"start":{"line":52,"column":12},"end":{"line":52,"column":18}},"15":{"start":{"line":55,"column":8},"end":{"line":55,"column":35}},"16":{"start":{"line":61,"column":4},"end":{"line":63,"column":9}},"17":{"start":{"line":62,"column":8},"end":{"line":62,"column":15}},"18":{"start":{"line":64,"column":4},"end":{"line":77,"column":5}},"19":{"start":{"line":70,"column":8},"end":{"line":70,"column":14}},"20":{"start":{"line":76,"column":8},"end":{"line":76,"column":14}},"21":{"start":{"line":82,"column":4},"end":{"line":84,"column":9}},"22":{"start":{"line":83,"column":8},"end":{"line":83,"column":15}},"23":{"start":{"line":85,"column":4},"end":{"line":194,"column":5}},"24":{"start":{"line":91,"column":8},"end":{"line":99,"column":10}},"25":{"start":{"line":98,"column":12},"end":{"line":98,"column":35}},"26":{"start":{"line":102,"column":8},"end":{"line":104,"column":63}},"27":{"start":{"line":105,"column":8},"end":{"line":105,"column":14}},"28":{"start":{"line":112,"column":8},"end":{"line":121,"column":10},"skip":true},"29":{"start":{"line":119,"column":12},"end":{"line":119,"column":55},"skip":true},"30":{"start":{"line":120,"column":12},"end":{"line":120,"column":48},"skip":true},"31":{"start":{"line":123,"column":8},"end":{"line":136,"column":10},"skip":true},"32":{"start":{"line":130,"column":12},"end":{"line":130,"column":76},"skip":true},"33":{"start":{"line":131,"column":12},"end":{"line":131,"column":73},"skip":true},"34":{"start":{"line":132,"column":12},"end":{"line":132,"column":74},"skip":true},"35":{"start":{"line":133,"column":12},"end":{"line":133,"column":79},"skip":true},"36":{"start":{"line":134,"column":12},"end":{"line":134,"column":25},"skip":true},"37":{"start":{"line":135,"column":12},"end":{"line":135,"column":45},"skip":true},"38":{"start":{"line":138,"column":8},"end":{"line":145,"column":14},"skip":true},"39":{"start":{"line":143,"column":16},"end":{"line":143,"column":29},"skip":true},"40":{"start":{"line":144,"column":16},"end":{"line":144,"column":55},"skip":true},"41":{"start":{"line":147,"column":8},"end":{"line":156,"column":10},"skip":true},"42":{"start":{"line":154,"column":12},"end":{"line":154,"column":25},"skip":true},"43":{"start":{"line":155,"column":12},"end":{"line":155,"column":45},"skip":true},"44":{"start":{"line":158,"column":8},"end":{"line":167,"column":10},"skip":true},"45":{"start":{"line":165,"column":12},"end":{"line":165,"column":25},"skip":true},"46":{"start":{"line":166,"column":12},"end":{"line":166,"column":48},"skip":true},"47":{"start":{"line":169,"column":8},"end":{"line":178,"column":10},"skip":true},"48":{"start":{"line":176,"column":12},"end":{"line":176,"column":25},"skip":true},"49":{"start":{"line":177,"column":12},"end":{"line":177,"column":46},"skip":true},"50":{"start":{"line":180,"column":8},"end":{"line":189,"column":10},"skip":true},"51":{"start":{"line":187,"column":12},"end":{"line":187,"column":94},"skip":true},"52":{"start":{"line":188,"column":12},"end":{"line":188,"column":48},"skip":true},"53":{"start":{"line":192,"column":8},"end":{"line":192,"column":35},"skip":true},"54":{"start":{"line":193,"column":8},"end":{"line":193,"column":14},"skip":true}},"branchMap":{"1":{"line":25,"type":"binary-expr","locations":[{"start":{"line":25,"column":23},"end":{"line":25,"column":62}},{"start":{"line":26,"column":20},"end":{"line":26,"column":70}},{"start":{"line":27,"column":20},"end":{"line":27,"column":71}},{"start":{"line":28,"column":20},"end":{"line":28,"column":29}}]},"2":{"line":30,"type":"binary-expr","locations":[{"start":{"line":30,"column":23},"end":{"line":30,"column":37}},{"start":{"line":31,"column":20},"end":{"line":31,"column":61}},{"start":{"line":32,"column":20},"end":{"line":32,"column":70}},{"start":{"line":33,"column":20},"end":{"line":33,"column":26}}]},"3":{"line":37,"type":"cond-expr","locations":[{"start":{"line":38,"column":14},"end":{"line":38,"column":20}},{"start":{"line":39,"column":14},"end":{"line":39,"column":20}}]},"4":{"line":40,"type":"switch","locations":[{"start":{"line":42,"column":8},"end":{"line":47,"column":18}},{"start":{"line":49,"column":8},"end":{"line":52,"column":18}}]},"5":{"line":44,"type":"binary-expr","locations":[{"start":{"line":44,"column":16},"end":{"line":44,"column":44}},{"start":{"line":44,"column":48},"end":{"line":44,"column":66}}]},"6":{"line":50,"type":"binary-expr","locations":[{"start":{"line":50,"column":21},"end":{"line":50,"column":49}},{"start":{"line":50,"column":53},"end":{"line":50,"column":72}}]},"7":{"line":64,"type":"switch","locations":[{"start":{"line":69,"column":4},"end":{"line":70,"column":14}},{"start":{"line":75,"column":4},"end":{"line":76,"column":14}}]},"8":{"line":85,"type":"switch","locations":[{"start":{"line":90,"column":4},"end":{"line":105,"column":14}},{"start":{"line":111,"column":4},"end":{"line":193,"column":14},"skip":true}]},"9":{"line":91,"type":"binary-expr","locations":[{"start":{"line":91,"column":42},"end":{"line":91,"column":73}},{"start":{"line":91,"column":77},"end":{"line":99,"column":9}}]},"10":{"line":102,"type":"binary-expr","locations":[{"start":{"line":102,"column":18},"end":{"line":102,"column":32}},{"start":{"line":103,"column":12},"end":{"line":103,"column":53}},{"start":{"line":104,"column":12},"end":{"line":104,"column":61}}]},"11":{"line":112,"type":"binary-expr","locations":[{"start":{"line":112,"column":45},"end":{"line":112,"column":79},"skip":true},{"start":{"line":112,"column":83},"end":{"line":121,"column":9},"skip":true}]},"12":{"line":123,"type":"binary-expr","locations":[{"start":{"line":123,"column":42},"end":{"line":123,"column":73},"skip":true},{"start":{"line":123,"column":77},"end":{"line":136,"column":9},"skip":true}]},"13":{"line":138,"type":"binary-expr","locations":[{"start":{"line":138,"column":48},"end":{"line":138,"column":85},"skip":true},{"start":{"line":139,"column":12},"end":{"line":145,"column":13},"skip":true}]},"14":{"line":147,"type":"binary-expr","locations":[{"start":{"line":147,"column":42},"end":{"line":147,"column":73},"skip":true},{"start":{"line":147,"column":77},"end":{"line":156,"column":9},"skip":true}]},"15":{"line":158,"type":"binary-expr","locations":[{"start":{"line":158,"column":45},"end":{"line":158,"column":79},"skip":true},{"start":{"line":158,"column":83},"end":{"line":167,"column":9},"skip":true}]},"16":{"line":169,"type":"binary-expr","locations":[{"start":{"line":169,"column":43},"end":{"line":169,"column":75},"skip":true},{"start":{"line":169,"column":79},"end":{"line":178,"column":9},"skip":true}]},"17":{"line":180,"type":"binary-expr","locations":[{"start":{"line":180,"column":41},"end":{"line":180,"column":71},"skip":true},{"start":{"line":180,"column":75},"end":{"line":189,"column":9},"skip":true}]}},"code":["/* istanbul instrument in package npmtest_nplaym */","/*jslint","    bitwise: true,","    browser: true,","    maxerr: 8,","    maxlen: 96,","    node: true,","    nomen: true,","    regexp: true,","    stupid: true","*/","(function () {","    'use strict';","    var local;","","","","    // run shared js-env code - pre-init","    (function () {","        // init local","        local = {};","        // init modeJs","        local.modeJs = (function () {","            try {","                return typeof navigator.userAgent === 'string' &&","                    typeof document.querySelector('body') === 'object' &&","                    typeof XMLHttpRequest.prototype.open === 'function' &&","                    'browser';","            } catch (errorCaughtBrowser) {","                return module.exports &&","                    typeof process.versions.node === 'string' &&","                    typeof require('http').createServer === 'function' &&","                    'node';","            }","        }());","        // init global","        local.global = local.modeJs === 'browser'","            ? window","            : global;","        switch (local.modeJs) {","        // re-init local from window.local","        case 'browser':","            local = local.global.utility2.objectSetDefault(","                local.global.utility2_rollup || local.global.local,","                local.global.utility2","            );","            break;","        // re-init local from example.js","        case 'node':","            local = (local.global.utility2_rollup || require('utility2'))","                .requireReadme();","            break;","        }","        // export local","        local.global.local = local;","    }());","","","","    // run shared js-env code - function","    (function () {","        return;","    }());","    switch (local.modeJs) {","","","","    // run browser js-env code - function","    case 'browser':","        break;","","","","    // run node js-env code - function","    case 'node':","        break;","    }","","","","    // run shared js-env code - post-init","    (function () {","        return;","    }());","    switch (local.modeJs) {","","","","    // run browser js-env code - post-init","    case 'browser':","        local.testCase_browser_nullCase = local.testCase_browser_nullCase || function (","            options,","            onError","        ) {","        /*","         * this function will test browsers's null-case handling-behavior-behavior","         */","            onError(null, options);","        };","","        // run tests","        local.nop(local.modeTest &&","            document.querySelector('#testRunButton1') &&","            document.querySelector('#testRunButton1').click());","        break;","","","","    // run node js-env code - post-init","    /* istanbul ignore next */","    case 'node':","        local.testCase_buildApidoc_default = local.testCase_buildApidoc_default || function (","            options,","            onError","        ) {","        /*","         * this function will test buildApidoc's default handling-behavior-behavior","         */","            options = { modulePathList: module.paths };","            local.buildApidoc(options, onError);","        };","","        local.testCase_buildApp_default = local.testCase_buildApp_default || function (","            options,","            onError","        ) {","        /*","         * this function will test buildApp's default handling-behavior-behavior","         */","            local.testCase_buildReadme_default(options, local.onErrorThrow);","            local.testCase_buildLib_default(options, local.onErrorThrow);","            local.testCase_buildTest_default(options, local.onErrorThrow);","            local.testCase_buildCustomOrg_default(options, local.onErrorThrow);","            options = [];","            local.buildApp(options, onError);","        };","","        local.testCase_buildCustomOrg_default = local.testCase_buildCustomOrg_default ||","            function (options, onError) {","            /*","             * this function will test buildCustomOrg's default handling-behavior","             */","                options = {};","                local.buildCustomOrg(options, onError);","            };","","        local.testCase_buildLib_default = local.testCase_buildLib_default || function (","            options,","            onError","        ) {","        /*","         * this function will test buildLib's default handling-behavior","         */","            options = {};","            local.buildLib(options, onError);","        };","","        local.testCase_buildReadme_default = local.testCase_buildReadme_default || function (","            options,","            onError","        ) {","        /*","         * this function will test buildReadme's default handling-behavior-behavior","         */","            options = {};","            local.buildReadme(options, onError);","        };","","        local.testCase_buildTest_default = local.testCase_buildTest_default || function (","            options,","            onError","        ) {","        /*","         * this function will test buildTest's default handling-behavior","         */","            options = {};","            local.buildTest(options, onError);","        };","","        local.testCase_webpage_default = local.testCase_webpage_default || function (","            options,","            onError","        ) {","        /*","         * this function will test webpage's default handling-behavior","         */","            options = { modeCoverageMerge: true, url: local.serverLocalHost + '?modeTest=1' };","            local.browserTest(options, onError);","        };","","        // run test-server","        local.testRunServer(local);","        break;","    }","}());",""],"l":{"12":2,"14":2,"19":2,"21":2,"23":2,"24":2,"25":2,"30":1,"37":2,"40":2,"43":1,"47":1,"50":1,"52":1,"55":2,"61":2,"62":2,"64":2,"70":1,"76":1,"82":2,"83":2,"85":2,"91":1,"98":1,"102":1,"105":1,"112":1,"119":1,"120":1,"123":1,"130":1,"131":1,"132":1,"133":1,"134":1,"135":1,"138":1,"143":2,"144":2,"147":1,"154":2,"155":2,"158":1,"165":2,"166":2,"169":1,"176":2,"177":2,"180":1,"187":1,"188":1,"192":1,"193":1}},"/home/travis/build/npmtest/node-npmtest-nplaym/lib.npmtest_nplaym.js":{"path":"/home/travis/build/npmtest/node-npmtest-nplaym/lib.npmtest_nplaym.js","s":{"1":2,"2":2,"3":2,"4":2,"5":2,"6":2,"7":2,"8":1,"9":2,"10":2,"11":2,"12":2,"13":1,"14":1,"15":1,"16":1},"b":{"1":[2,1,1,1],"2":[1,1,1,1],"3":[1,1],"4":[2,2],"5":[1,1]},"f":{"1":2,"2":2,"3":2},"fnMap":{"1":{"name":"(anonymous_1)","line":12,"loc":{"start":{"line":12,"column":1},"end":{"line":12,"column":13}}},"2":{"name":"(anonymous_2)","line":19,"loc":{"start":{"line":19,"column":5},"end":{"line":19,"column":17}}},"3":{"name":"(anonymous_3)","line":23,"loc":{"start":{"line":23,"column":24},"end":{"line":23,"column":36}}}},"statementMap":{"1":{"start":{"line":12,"column":0},"end":{"line":53,"column":5}},"2":{"start":{"line":14,"column":4},"end":{"line":14,"column":14}},"3":{"start":{"line":19,"column":4},"end":{"line":52,"column":9}},"4":{"start":{"line":21,"column":8},"end":{"line":21,"column":19}},"5":{"start":{"line":23,"column":8},"end":{"line":35,"column":13}},"6":{"start":{"line":24,"column":12},"end":{"line":34,"column":13}},"7":{"start":{"line":25,"column":16},"end":{"line":28,"column":30}},"8":{"start":{"line":30,"column":16},"end":{"line":33,"column":27}},"9":{"start":{"line":37,"column":8},"end":{"line":39,"column":21}},"10":{"start":{"line":41,"column":8},"end":{"line":41,"column":54}},"11":{"start":{"line":43,"column":8},"end":{"line":43,"column":51}},"12":{"start":{"line":45,"column":8},"end":{"line":51,"column":9}},"13":{"start":{"line":46,"column":12},"end":{"line":46,"column":57}},"14":{"start":{"line":48,"column":12},"end":{"line":48,"column":35}},"15":{"start":{"line":49,"column":12},"end":{"line":49,"column":49}},"16":{"start":{"line":50,"column":12},"end":{"line":50,"column":43}}},"branchMap":{"1":{"line":25,"type":"binary-expr","locations":[{"start":{"line":25,"column":23},"end":{"line":25,"column":62}},{"start":{"line":26,"column":20},"end":{"line":26,"column":70}},{"start":{"line":27,"column":20},"end":{"line":27,"column":71}},{"start":{"line":28,"column":20},"end":{"line":28,"column":29}}]},"2":{"line":30,"type":"binary-expr","locations":[{"start":{"line":30,"column":23},"end":{"line":30,"column":37}},{"start":{"line":31,"column":20},"end":{"line":31,"column":61}},{"start":{"line":32,"column":20},"end":{"line":32,"column":70}},{"start":{"line":33,"column":20},"end":{"line":33,"column":26}}]},"3":{"line":37,"type":"cond-expr","locations":[{"start":{"line":38,"column":14},"end":{"line":38,"column":20}},{"start":{"line":39,"column":14},"end":{"line":39,"column":20}}]},"4":{"line":41,"type":"binary-expr","locations":[{"start":{"line":41,"column":16},"end":{"line":41,"column":44}},{"start":{"line":41,"column":48},"end":{"line":41,"column":53}}]},"5":{"line":45,"type":"if","locations":[{"start":{"line":45,"column":8},"end":{"line":45,"column":8}},{"start":{"line":45,"column":8},"end":{"line":45,"column":8}}]}},"code":["/* istanbul instrument in package npmtest_nplaym */","/*jslint","    bitwise: true,","    browser: true,","    maxerr: 8,","    maxlen: 96,","    node: true,","    nomen: true,","    regexp: true,","    stupid: true","*/","(function () {","    'use strict';","    var local;","","","","    // run shared js-env code - pre-init","    (function () {","        // init local","        local = {};","        // init modeJs","        local.modeJs = (function () {","            try {","                return typeof navigator.userAgent === 'string' &&","                    typeof document.querySelector('body') === 'object' &&","                    typeof XMLHttpRequest.prototype.open === 'function' &&","                    'browser';","            } catch (errorCaughtBrowser) {","                return module.exports &&","                    typeof process.versions.node === 'string' &&","                    typeof require('http').createServer === 'function' &&","                    'node';","            }","        }());","        // init global","        local.global = local.modeJs === 'browser'","            ? window","            : global;","        // init utility2_rollup","        local = local.global.utility2_rollup || local;","        // init lib","        local.local = local.npmtest_nplaym = local;","        // init exports","        if (local.modeJs === 'browser') {","            local.global.utility2_npmtest_nplaym = local;","        } else {","            module.exports = local;","            module.exports.__dirname = __dirname;","            module.exports.module = module;","        }","    }());","}());",""],"l":{"12":2,"14":2,"19":2,"21":2,"23":2,"24":2,"25":2,"30":1,"37":2,"41":2,"43":2,"45":2,"46":1,"48":1,"49":1,"50":1}},"/home/travis/build/npmtest/node-npmtest-nplaym/example.js":{"path":"/home/travis/build/npmtest/node-npmtest-nplaym/example.js","s":{"1":2,"2":2,"3":2,"4":2,"5":2,"6":2,"7":2,"8":1,"9":2,"10":2,"11":2,"12":2,"13":1,"14":2,"15":2,"16":2,"17":2,"18":2,"19":0,"20":2,"21":1,"22":1,"23":1,"24":1,"25":1,"26":0,"27":0,"28":1,"29":1,"30":2,"31":0,"32":0,"33":0,"34":1,"35":2,"36":2,"37":3,"38":3,"39":3,"40":3,"41":0,"42":3,"43":3,"44":3,"45":1,"46":3,"47":1,"48":1,"49":1,"50":1,"51":1,"52":1,"53":1,"54":1,"55":1,"56":1,"57":0,"58":1,"59":6,"60":6,"61":1,"62":2,"63":0,"64":2,"65":1,"66":1,"67":0,"68":0,"69":0,"70":0,"71":0,"72":0,"73":0,"74":0,"75":0,"76":0,"77":0,"78":0,"79":0,"80":0,"81":0,"82":0,"83":0},"b":{"1":[2,1,1,1],"2":[1,1,1,1],"3":[1,1],"4":[2,2],"5":[1,1],"6":[1,1],"7":[2,0],"8":[2,1,1,1,1,1],"9":[0,2,0],"10":[1,1],"11":[2,1,1],"12":[1,0],"13":[0,2],"14":[2,0,0,0,0,0,0],"15":[0,3],"16":[3,0],"17":[1,1],"18":[0,1],"19":[1,2,0,2],"20":[1,0],"21":[1,1],"22":[0,0],"23":[0,0],"24":[0,0],"25":[0,0],"26":[0,0],"27":[0,0],"28":[0,0]},"f":{"1":2,"2":2,"3":2,"4":2,"5":2,"6":2,"7":3,"8":3,"9":3,"10":1,"11":6,"12":0},"fnMap":{"1":{"name":"(anonymous_1)","line":26,"loc":{"start":{"line":26,"column":1},"end":{"line":26,"column":13}}},"2":{"name":"(anonymous_2)","line":33,"loc":{"start":{"line":33,"column":5},"end":{"line":33,"column":17}}},"3":{"name":"(anonymous_3)","line":37,"loc":{"start":{"line":37,"column":24},"end":{"line":37,"column":36}}},"4":{"name":"(anonymous_4)","line":69,"loc":{"start":{"line":69,"column":31},"end":{"line":69,"column":48}},"skip":true},"5":{"name":"(anonymous_5)","line":78,"loc":{"start":{"line":78,"column":26},"end":{"line":78,"column":45}},"skip":true},"6":{"name":"(anonymous_6)","line":123,"loc":{"start":{"line":123,"column":33},"end":{"line":123,"column":48}},"skip":true},"7":{"name":"(anonymous_7)","line":125,"loc":{"start":{"line":125,"column":27},"end":{"line":125,"column":39}},"skip":true},"8":{"name":"(anonymous_8)","line":133,"loc":{"start":{"line":133,"column":59},"end":{"line":133,"column":74}},"skip":true},"9":{"name":"(anonymous_9)","line":143,"loc":{"start":{"line":143,"column":45},"end":{"line":143,"column":62}},"skip":true},"10":{"name":"(anonymous_10)","line":144,"loc":{"start":{"line":144,"column":73},"end":{"line":144,"column":92}},"skip":true},"11":{"name":"(anonymous_11)","line":272,"loc":{"start":{"line":272,"column":51},"end":{"line":272,"column":77}},"skip":true},"12":{"name":"(anonymous_12)","line":315,"loc":{"start":{"line":315,"column":32},"end":{"line":315,"column":61}},"skip":true}},"statementMap":{"1":{"start":{"line":26,"column":0},"end":{"line":326,"column":5}},"2":{"start":{"line":28,"column":4},"end":{"line":28,"column":14}},"3":{"start":{"line":33,"column":4},"end":{"line":60,"column":9}},"4":{"start":{"line":35,"column":8},"end":{"line":35,"column":19}},"5":{"start":{"line":37,"column":8},"end":{"line":49,"column":13}},"6":{"start":{"line":38,"column":12},"end":{"line":48,"column":13}},"7":{"start":{"line":39,"column":16},"end":{"line":42,"column":30}},"8":{"start":{"line":44,"column":16},"end":{"line":47,"column":27}},"9":{"start":{"line":51,"column":8},"end":{"line":53,"column":21}},"10":{"start":{"line":55,"column":8},"end":{"line":57,"column":45}},"11":{"start":{"line":59,"column":8},"end":{"line":59,"column":35}},"12":{"start":{"line":61,"column":4},"end":{"line":325,"column":5}},"13":{"start":{"line":69,"column":8},"end":{"line":121,"column":10},"skip":true},"14":{"start":{"line":70,"column":12},"end":{"line":88,"column":13},"skip":true},"15":{"start":{"line":76,"column":16},"end":{"line":87,"column":19},"skip":true},"16":{"start":{"line":79,"column":20},"end":{"line":86,"column":21},"skip":true},"17":{"start":{"line":82,"column":24},"end":{"line":82,"column":43},"skip":true},"18":{"start":{"line":83,"column":24},"end":{"line":83,"column":30},"skip":true},"19":{"start":{"line":85,"column":24},"end":{"line":85,"column":49},"skip":true},"20":{"start":{"line":89,"column":12},"end":{"line":107,"column":13},"skip":true},"21":{"start":{"line":92,"column":16},"end":{"line":102,"column":17},"skip":true},"22":{"start":{"line":93,"column":20},"end":{"line":93,"column":86},"skip":true},"23":{"start":{"line":94,"column":20},"end":{"line":95,"column":45},"skip":true},"24":{"start":{"line":96,"column":20},"end":{"line":96,"column":42},"skip":true},"25":{"start":{"line":97,"column":20},"end":{"line":97,"column":48},"skip":true},"26":{"start":{"line":100,"column":20},"end":{"line":100,"column":85},"skip":true},"27":{"start":{"line":101,"column":20},"end":{"line":101,"column":96},"skip":true},"28":{"start":{"line":103,"column":16},"end":{"line":103,"column":22},"skip":true},"29":{"start":{"line":106,"column":16},"end":{"line":106,"column":22},"skip":true},"30":{"start":{"line":108,"column":12},"end":{"line":120,"column":13},"skip":true},"31":{"start":{"line":114,"column":16},"end":{"line":119,"column":17},"skip":true},"32":{"start":{"line":116,"column":20},"end":{"line":116,"column":78},"skip":true},"33":{"start":{"line":118,"column":20},"end":{"line":118,"column":47},"skip":true},"34":{"start":{"line":123,"column":8},"end":{"line":141,"column":11},"skip":true},"35":{"start":{"line":124,"column":12},"end":{"line":124,"column":54},"skip":true},"36":{"start":{"line":125,"column":12},"end":{"line":140,"column":14},"skip":true},"37":{"start":{"line":126,"column":16},"end":{"line":126,"column":28},"skip":true},"38":{"start":{"line":127,"column":16},"end":{"line":127,"column":69},"skip":true},"39":{"start":{"line":128,"column":16},"end":{"line":128,"column":75},"skip":true},"40":{"start":{"line":129,"column":16},"end":{"line":131,"column":17},"skip":true},"41":{"start":{"line":130,"column":20},"end":{"line":130,"column":27},"skip":true},"42":{"start":{"line":133,"column":16},"end":{"line":137,"column":36},"skip":true},"43":{"start":{"line":134,"column":20},"end":{"line":136,"column":55},"skip":true},"44":{"start":{"line":139,"column":16},"end":{"line":139,"column":57},"skip":true},"45":{"start":{"line":143,"column":8},"end":{"line":147,"column":11},"skip":true},"46":{"start":{"line":144,"column":12},"end":{"line":146,"column":15},"skip":true},"47":{"start":{"line":145,"column":16},"end":{"line":145,"column":70},"skip":true},"48":{"start":{"line":149,"column":8},"end":{"line":149,"column":31},"skip":true},"49":{"start":{"line":150,"column":8},"end":{"line":150,"column":14},"skip":true},"50":{"start":{"line":158,"column":8},"end":{"line":158,"column":31},"skip":true},"51":{"start":{"line":160,"column":8},"end":{"line":160,"column":33},"skip":true},"52":{"start":{"line":161,"column":8},"end":{"line":161,"column":37},"skip":true},"53":{"start":{"line":162,"column":8},"end":{"line":162,"column":35},"skip":true},"54":{"start":{"line":164,"column":8},"end":{"line":164,"column":50},"skip":true},"55":{"start":{"line":166,"column":8},"end":{"line":256,"column":2},"skip":true},"56":{"start":{"line":258,"column":8},"end":{"line":286,"column":9},"skip":true},"57":{"start":{"line":259,"column":12},"end":{"line":269,"column":14},"skip":true},"58":{"start":{"line":271,"column":12},"end":{"line":285,"column":19},"skip":true},"59":{"start":{"line":274,"column":20},"end":{"line":274,"column":35},"skip":true},"60":{"start":{"line":275,"column":20},"end":{"line":284,"column":21},"skip":true},"61":{"start":{"line":277,"column":24},"end":{"line":277,"column":64},"skip":true},"62":{"start":{"line":279,"column":24},"end":{"line":279,"column":40},"skip":true},"63":{"start":{"line":281,"column":24},"end":{"line":281,"column":40},"skip":true},"64":{"start":{"line":283,"column":24},"end":{"line":283,"column":39},"skip":true},"65":{"start":{"line":288,"column":8},"end":{"line":290,"column":9},"skip":true},"66":{"start":{"line":289,"column":12},"end":{"line":289,"column":18},"skip":true},"67":{"start":{"line":291,"column":8},"end":{"line":293,"column":54},"skip":true},"68":{"start":{"line":296,"column":8},"end":{"line":301,"column":37},"skip":true},"69":{"start":{"line":303,"column":8},"end":{"line":303,"column":82},"skip":true},"70":{"start":{"line":306,"column":8},"end":{"line":308,"column":9},"skip":true},"71":{"start":{"line":307,"column":12},"end":{"line":307,"column":82},"skip":true},"72":{"start":{"line":310,"column":8},"end":{"line":312,"column":9},"skip":true},"73":{"start":{"line":311,"column":12},"end":{"line":311,"column":18},"skip":true},"74":{"start":{"line":313,"column":8},"end":{"line":313,"column":54},"skip":true},"75":{"start":{"line":314,"column":8},"end":{"line":314,"column":69},"skip":true},"76":{"start":{"line":315,"column":8},"end":{"line":323,"column":36},"skip":true},"77":{"start":{"line":316,"column":12},"end":{"line":316,"column":61},"skip":true},"78":{"start":{"line":317,"column":12},"end":{"line":320,"column":13},"skip":true},"79":{"start":{"line":318,"column":16},"end":{"line":318,"column":75},"skip":true},"80":{"start":{"line":319,"column":16},"end":{"line":319,"column":23},"skip":true},"81":{"start":{"line":321,"column":12},"end":{"line":321,"column":38},"skip":true},"82":{"start":{"line":322,"column":12},"end":{"line":322,"column":27},"skip":true},"83":{"start":{"line":324,"column":8},"end":{"line":324,"column":14},"skip":true}},"branchMap":{"1":{"line":39,"type":"binary-expr","locations":[{"start":{"line":39,"column":23},"end":{"line":39,"column":62}},{"start":{"line":40,"column":20},"end":{"line":40,"column":70}},{"start":{"line":41,"column":20},"end":{"line":41,"column":71}},{"start":{"line":42,"column":20},"end":{"line":42,"column":29}}]},"2":{"line":44,"type":"binary-expr","locations":[{"start":{"line":44,"column":23},"end":{"line":44,"column":37}},{"start":{"line":45,"column":20},"end":{"line":45,"column":61}},{"start":{"line":46,"column":20},"end":{"line":46,"column":70}},{"start":{"line":47,"column":20},"end":{"line":47,"column":26}}]},"3":{"line":51,"type":"cond-expr","locations":[{"start":{"line":52,"column":14},"end":{"line":52,"column":20}},{"start":{"line":53,"column":14},"end":{"line":53,"column":20}}]},"4":{"line":55,"type":"binary-expr","locations":[{"start":{"line":55,"column":16},"end":{"line":55,"column":44}},{"start":{"line":55,"column":49},"end":{"line":57,"column":43}}]},"5":{"line":55,"type":"cond-expr","locations":[{"start":{"line":56,"column":14},"end":{"line":56,"column":50}},{"start":{"line":57,"column":14},"end":{"line":57,"column":43}}]},"6":{"line":61,"type":"switch","locations":[{"start":{"line":68,"column":4},"end":{"line":150,"column":14},"skip":true},{"start":{"line":156,"column":4},"end":{"line":324,"column":14},"skip":true}]},"7":{"line":70,"type":"if","locations":[{"start":{"line":70,"column":12},"end":{"line":70,"column":12},"skip":true},{"start":{"line":70,"column":12},"end":{"line":70,"column":12},"skip":true}]},"8":{"line":70,"type":"binary-expr","locations":[{"start":{"line":70,"column":16},"end":{"line":70,"column":22},"skip":true},{"start":{"line":70,"column":27},"end":{"line":70,"column":32},"skip":true},{"start":{"line":71,"column":20},"end":{"line":71,"column":39},"skip":true},{"start":{"line":72,"column":20},"end":{"line":72,"column":49},"skip":true},{"start":{"line":73,"column":20},"end":{"line":73,"column":58},"skip":true},{"start":{"line":74,"column":20},"end":{"line":74,"column":69},"skip":true}]},"9":{"line":79,"type":"switch","locations":[{"start":{"line":80,"column":20},"end":{"line":80,"column":33},"skip":true},{"start":{"line":81,"column":20},"end":{"line":83,"column":30},"skip":true},{"start":{"line":84,"column":20},"end":{"line":85,"column":49},"skip":true}]},"10":{"line":89,"type":"switch","locations":[{"start":{"line":90,"column":12},"end":{"line":103,"column":22},"skip":true},{"start":{"line":105,"column":12},"end":{"line":106,"column":22},"skip":true}]},"11":{"line":89,"type":"binary-expr","locations":[{"start":{"line":89,"column":20},"end":{"line":89,"column":25},"skip":true},{"start":{"line":89,"column":29},"end":{"line":89,"column":48},"skip":true},{"start":{"line":89,"column":52},"end":{"line":89,"column":74},"skip":true}]},"12":{"line":92,"type":"if","locations":[{"start":{"line":92,"column":16},"end":{"line":92,"column":16},"skip":true},{"start":{"line":92,"column":16},"end":{"line":92,"column":16},"skip":true}]},"13":{"line":108,"type":"if","locations":[{"start":{"line":108,"column":12},"end":{"line":108,"column":12},"skip":true},{"start":{"line":108,"column":12},"end":{"line":108,"column":12},"skip":true}]},"14":{"line":108,"type":"binary-expr","locations":[{"start":{"line":108,"column":16},"end":{"line":108,"column":61},"skip":true},{"start":{"line":108,"column":66},"end":{"line":108,"column":72},"skip":true},{"start":{"line":108,"column":77},"end":{"line":108,"column":82},"skip":true},{"start":{"line":109,"column":20},"end":{"line":109,"column":39},"skip":true},{"start":{"line":110,"column":20},"end":{"line":110,"column":49},"skip":true},{"start":{"line":111,"column":20},"end":{"line":111,"column":58},"skip":true},{"start":{"line":112,"column":20},"end":{"line":112,"column":68},"skip":true}]},"15":{"line":129,"type":"if","locations":[{"start":{"line":129,"column":16},"end":{"line":129,"column":16},"skip":true},{"start":{"line":129,"column":16},"end":{"line":129,"column":16},"skip":true}]},"16":{"line":134,"type":"cond-expr","locations":[{"start":{"line":135,"column":26},"end":{"line":135,"column":29},"skip":true},{"start":{"line":136,"column":26},"end":{"line":136,"column":54},"skip":true}]},"17":{"line":164,"type":"binary-expr","locations":[{"start":{"line":164,"column":27},"end":{"line":164,"column":43},"skip":true},{"start":{"line":164,"column":47},"end":{"line":164,"column":49},"skip":true}]},"18":{"line":258,"type":"if","locations":[{"start":{"line":258,"column":8},"end":{"line":258,"column":8},"skip":true},{"start":{"line":258,"column":8},"end":{"line":258,"column":8},"skip":true}]},"19":{"line":275,"type":"switch","locations":[{"start":{"line":276,"column":20},"end":{"line":277,"column":64},"skip":true},{"start":{"line":278,"column":20},"end":{"line":279,"column":40},"skip":true},{"start":{"line":280,"column":20},"end":{"line":281,"column":40},"skip":true},{"start":{"line":282,"column":20},"end":{"line":283,"column":39},"skip":true}]},"20":{"line":288,"type":"if","locations":[{"start":{"line":288,"column":8},"end":{"line":288,"column":8},"skip":true},{"start":{"line":288,"column":8},"end":{"line":288,"column":8},"skip":true}]},"21":{"line":288,"type":"binary-expr","locations":[{"start":{"line":288,"column":12},"end":{"line":288,"column":40},"skip":true},{"start":{"line":288,"column":44},"end":{"line":288,"column":67},"skip":true}]},"22":{"line":292,"type":"binary-expr","locations":[{"start":{"line":292,"column":12},"end":{"line":292,"column":50},"skip":true},{"start":{"line":293,"column":12},"end":{"line":293,"column":53},"skip":true}]},"23":{"line":297,"type":"binary-expr","locations":[{"start":{"line":297,"column":12},"end":{"line":297,"column":64},"skip":true},{"start":{"line":298,"column":12},"end":{"line":301,"column":36},"skip":true}]},"24":{"line":303,"type":"binary-expr","locations":[{"start":{"line":303,"column":43},"end":{"line":303,"column":75},"skip":true},{"start":{"line":303,"column":79},"end":{"line":303,"column":81},"skip":true}]},"25":{"line":306,"type":"if","locations":[{"start":{"line":306,"column":8},"end":{"line":306,"column":8},"skip":true},{"start":{"line":306,"column":8},"end":{"line":306,"column":8},"skip":true}]},"26":{"line":310,"type":"if","locations":[{"start":{"line":310,"column":8},"end":{"line":310,"column":8},"skip":true},{"start":{"line":310,"column":8},"end":{"line":310,"column":8},"skip":true}]},"27":{"line":313,"type":"binary-expr","locations":[{"start":{"line":313,"column":27},"end":{"line":313,"column":43},"skip":true},{"start":{"line":313,"column":47},"end":{"line":313,"column":53},"skip":true}]},"28":{"line":317,"type":"if","locations":[{"start":{"line":317,"column":12},"end":{"line":317,"column":12},"skip":true},{"start":{"line":317,"column":12},"end":{"line":317,"column":12},"skip":true}]}},"code":["/*","example.js","","quickstart example","","instruction","    1. save this script as example.js","    2. run the shell command:","        $ npm install npmtest-nplaym && PORT=8081 node example.js","    3. play with the browser-demo on http://127.0.0.1:8081","*/","","","","/* istanbul instrument in package npmtest_nplaym */","/*jslint","    bitwise: true,","    browser: true,","    maxerr: 8,","    maxlen: 96,","    node: true,","    nomen: true,","    regexp: true,","    stupid: true","*/","(function () {","    'use strict';","    var local;","","","","    // run shared js-env code - pre-init","    (function () {","        // init local","        local = {};","        // init modeJs","        local.modeJs = (function () {","            try {","                return typeof navigator.userAgent === 'string' &&","                    typeof document.querySelector('body') === 'object' &&","                    typeof XMLHttpRequest.prototype.open === 'function' &&","                    'browser';","            } catch (errorCaughtBrowser) {","                return module.exports &&","                    typeof process.versions.node === 'string' &&","                    typeof require('http').createServer === 'function' &&","                    'node';","            }","        }());","        // init global","        local.global = local.modeJs === 'browser'","            ? window","            : global;","        // init utility2_rollup","        local = local.global.utility2_rollup || (local.modeJs === 'browser'","            ? local.global.utility2_npmtest_nplaym","            : global.utility2_moduleExports);","        // export local","        local.global.local = local;","    }());","    switch (local.modeJs) {","","","","    // post-init","    // run browser js-env code - post-init","    /* istanbul ignore next */","    case 'browser':","        local.testRunBrowser = function (event) {","            if (!event || (event &&","                    event.currentTarget &&","                    event.currentTarget.className &&","                    event.currentTarget.className.includes &&","                    event.currentTarget.className.includes('onreset'))) {","                // reset output","                Array.from(","                    document.querySelectorAll('body > .resettable')","                ).forEach(function (element) {","                    switch (element.tagName) {","                    case 'INPUT':","                    case 'TEXTAREA':","                        element.value = '';","                        break;","                    default:","                        element.textContent = '';","                    }","                });","            }","            switch (event && event.currentTarget && event.currentTarget.id) {","            case 'testRunButton1':","                // show tests","                if (document.querySelector('#testReportDiv1').style.display === 'none') {","                    document.querySelector('#testReportDiv1').style.display = 'block';","                    document.querySelector('#testRunButton1').textContent =","                        'hide internal test';","                    local.modeTest = true;","                    local.testRunDefault(local);","                // hide tests","                } else {","                    document.querySelector('#testReportDiv1').style.display = 'none';","                    document.querySelector('#testRunButton1').textContent = 'run internal test';","                }","                break;","            // custom-case","            default:","                break;","            }","            if (document.querySelector('#inputTextareaEval1') && (!event || (event &&","                    event.currentTarget &&","                    event.currentTarget.className &&","                    event.currentTarget.className.includes &&","                    event.currentTarget.className.includes('oneval')))) {","                // try to eval input-code","                try {","                    /*jslint evil: true*/","                    eval(document.querySelector('#inputTextareaEval1').value);","                } catch (errorCaught) {","                    console.error(errorCaught);","                }","            }","        };","        // log stderr and stdout to #outputTextareaStdout1","        ['error', 'log'].forEach(function (key) {","            console[key + '_original'] = console[key];","            console[key] = function () {","                var element;","                console[key + '_original'].apply(console, arguments);","                element = document.querySelector('#outputTextareaStdout1');","                if (!element) {","                    return;","                }","                // append text to #outputTextareaStdout1","                element.value += Array.from(arguments).map(function (arg) {","                    return typeof arg === 'string'","                        ? arg","                        : JSON.stringify(arg, null, 4);","                }).join(' ') + '\\n';","                // scroll textarea to bottom","                element.scrollTop = element.scrollHeight;","            };","        });","        // init event-handling","        ['change', 'click', 'keyup'].forEach(function (event) {","            Array.from(document.querySelectorAll('.on' + event)).forEach(function (element) {","                element.addEventListener(event, local.testRunBrowser);","            });","        });","        // run tests","        local.testRunBrowser();","        break;","","","","    // run node js-env code - post-init","    /* istanbul ignore next */","    case 'node':","        // export local","        module.exports = local;","        // require modules","        local.fs = require('fs');","        local.http = require('http');","        local.url = require('url');","        // init assets","        local.assetsDict = local.assetsDict || {};","        /* jslint-ignore-begin */","        local.assetsDict['/assets.index.template.html'] = '\\","<!doctype html>\\n\\","<html lang=\"en\">\\n\\","<head>\\n\\","<meta charset=\"UTF-8\">\\n\\","<meta name=\"viewport\" content=\"width=device-width, initial-scale=1\">\\n\\","<title>{{env.npm_package_name}} (v{{env.npm_package_version}})</title>\\n\\","<style>\\n\\","/*csslint\\n\\","    box-sizing: false,\\n\\","    universal-selector: false\\n\\","*/\\n\\","* {\\n\\","    box-sizing: border-box;\\n\\","}\\n\\","body {\\n\\","    background: #dde;\\n\\","    font-family: Arial, Helvetica, sans-serif;\\n\\","    margin: 2rem;\\n\\","}\\n\\","body > * {\\n\\","    margin-bottom: 1rem;\\n\\","}\\n\\",".utility2FooterDiv {\\n\\","    margin-top: 20px;\\n\\","    text-align: center;\\n\\","}\\n\\","</style>\\n\\","<style>\\n\\","/*csslint\\n\\","*/\\n\\","textarea {\\n\\","    font-family: monospace;\\n\\","    height: 10rem;\\n\\","    width: 100%;\\n\\","}\\n\\","textarea[readonly] {\\n\\","    background: #ddd;\\n\\","}\\n\\","</style>\\n\\","</head>\\n\\","<body>\\n\\","<!-- utility2-comment\\n\\","<div id=\"ajaxProgressDiv1\" style=\"background: #d00; height: 2px; left: 0; margin: 0; padding: 0; position: fixed; top: 0; transition: background 0.5s, width 1.5s; width: 25%;\"></div>\\n\\","utility2-comment -->\\n\\","<h1>\\n\\","<!-- utility2-comment\\n\\","    <a\\n\\","        {{#if env.npm_package_homepage}}\\n\\","        href=\"{{env.npm_package_homepage}}\"\\n\\","        {{/if env.npm_package_homepage}}\\n\\","        target=\"_blank\"\\n\\","    >\\n\\","utility2-comment -->\\n\\","        {{env.npm_package_name}} (v{{env.npm_package_version}})\\n\\","<!-- utility2-comment\\n\\","    </a>\\n\\","utility2-comment -->\\n\\","</h1>\\n\\","<h3>{{env.npm_package_description}}</h3>\\n\\","<!-- utility2-comment\\n\\","<h4><a download href=\"assets.app.js\">download standalone app</a></h4>\\n\\","<button class=\"onclick onreset\" id=\"testRunButton1\">run internal test</button><br>\\n\\","<div id=\"testReportDiv1\" style=\"display: none;\"></div>\\n\\","utility2-comment -->\\n\\","\\n\\","\\n\\","\\n\\","<label>stderr and stdout</label>\\n\\","<textarea class=\"resettable\" id=\"outputTextareaStdout1\" readonly></textarea>\\n\\","<!-- utility2-comment\\n\\","{{#if isRollup}}\\n\\","<script src=\"assets.app.js\"></script>\\n\\","{{#unless isRollup}}\\n\\","utility2-comment -->\\n\\","<script src=\"assets.utility2.rollup.js\"></script>\\n\\","<script src=\"jsonp.utility2._stateInit?callback=window.utility2._stateInit\"></script>\\n\\","<script src=\"assets.npmtest_nplaym.rollup.js\"></script>\\n\\","<script src=\"assets.example.js\"></script>\\n\\","<script src=\"assets.test.js\"></script>\\n\\","<!-- utility2-comment\\n\\","{{/if isRollup}}\\n\\","utility2-comment -->\\n\\","<div class=\"utility2FooterDiv\">\\n\\","    [ this app was created with\\n\\","    <a href=\"https://github.com/kaizhu256/node-utility2\" target=\"_blank\">utility2</a>\\n\\","    ]\\n\\","</div>\\n\\","</body>\\n\\","</html>\\n\\","';","        /* jslint-ignore-end */","        if (local.templateRender) {","            local.assetsDict['/'] = local.templateRender(","                local.assetsDict['/assets.index.template.html'],","                {","                    env: local.objectSetDefault(local.env, {","                        npm_package_description: 'the greatest app in the world!',","                        npm_package_name: 'my-app',","                        npm_package_nameAlias: 'my_app',","                        npm_package_version: '0.0.1'","                    })","                }","            );","        } else {","            local.assetsDict['/'] = local.assetsDict['/assets.index.template.html']","                .replace((/\\{\\{env\\.(\\w+?)\\}\\}/g), function (match0, match1) {","                    // jslint-hack","                    String(match0);","                    switch (match1) {","                    case 'npm_package_description':","                        return 'the greatest app in the world!';","                    case 'npm_package_name':","                        return 'my-app';","                    case 'npm_package_nameAlias':","                        return 'my_app';","                    case 'npm_package_version':","                        return '0.0.1';","                    }","                });","        }","        // run the cli","        if (local.global.utility2_rollup || module !== require.main) {","            break;","        }","        local.assetsDict['/assets.example.js'] =","            local.assetsDict['/assets.example.js'] ||","            local.fs.readFileSync(__filename, 'utf8');","        // bug-workaround - long $npm_package_buildCustomOrg","        /* jslint-ignore-begin */","        local.assetsDict['/assets.npmtest_nplaym.rollup.js'] =","            local.assetsDict['/assets.npmtest_nplaym.rollup.js'] ||","            local.fs.readFileSync(","                local.npmtest_nplaym.__dirname + '/lib.npmtest_nplaym.js',","                'utf8'","            ).replace((/^#!/), '//');","        /* jslint-ignore-end */","        local.assetsDict['/favicon.ico'] = local.assetsDict['/favicon.ico'] || '';","        // if $npm_config_timeout_exit exists,","        // then exit this process after $npm_config_timeout_exit ms","        if (Number(process.env.npm_config_timeout_exit)) {","            setTimeout(process.exit, Number(process.env.npm_config_timeout_exit));","        }","        // start server","        if (local.global.utility2_serverHttp1) {","            break;","        }","        process.env.PORT = process.env.PORT || '8081';","        console.error('server starting on port ' + process.env.PORT);","        local.http.createServer(function (request, response) {","            request.urlParsed = local.url.parse(request.url);","            if (local.assetsDict[request.urlParsed.pathname] !== undefined) {","                response.end(local.assetsDict[request.urlParsed.pathname]);","                return;","            }","            response.statusCode = 404;","            response.end();","        }).listen(process.env.PORT);","        break;","    }","}());",""],"l":{"26":2,"28":2,"33":2,"35":2,"37":2,"38":2,"39":2,"44":1,"51":2,"55":2,"59":2,"61":2,"69":1,"70":2,"76":2,"79":2,"82":2,"83":2,"85":1,"89":2,"92":1,"93":1,"94":1,"96":1,"97":1,"100":1,"101":1,"103":1,"106":1,"108":2,"114":1,"116":1,"118":1,"123":1,"124":2,"125":2,"126":3,"127":3,"128":3,"129":3,"130":1,"133":3,"134":3,"139":3,"143":1,"144":3,"145":1,"149":1,"150":1,"158":1,"160":1,"161":1,"162":1,"164":1,"166":1,"258":1,"259":1,"271":1,"274":6,"275":6,"277":1,"279":2,"281":1,"283":2,"288":1,"289":1,"291":1,"296":1,"303":1,"306":1,"307":1,"310":1,"311":1,"313":1,"314":1,"315":1,"316":1,"317":1,"318":1,"319":1,"321":1,"322":1,"324":1}},"/home/travis/build/npmtest/node-npmtest-nplaym/node_modules/nplaym/bin/nplaym":{"path":"/home/travis/build/npmtest/node-npmtest-nplaym/node_modules/nplaym/bin/nplaym","s":{"1":1,"2":3,"3":1,"4":1,"5":1,"6":1,"7":1,"8":1,"9":1,"10":1,"11":1,"12":1,"13":1,"14":1,"15":1,"16":1,"17":1,"18":1,"19":1,"20":1,"21":3,"22":3,"23":6,"24":6,"25":120,"26":6,"27":0,"28":0,"29":0,"30":0,"31":0,"32":0,"33":0,"34":0,"35":0,"36":0,"37":0,"38":0,"39":0,"40":0,"41":0,"42":0,"43":0,"44":0,"45":0,"46":0,"47":0,"48":0,"49":0,"50":1,"51":0,"52":1,"53":0,"54":1,"55":0,"56":0,"57":0,"58":0,"59":0,"60":0,"61":0,"62":0,"63":0,"64":0,"65":0,"66":0,"67":0,"68":0,"69":0,"70":0,"71":0,"72":0,"73":0,"74":0,"75":0,"76":0,"77":0,"78":0,"79":0,"80":0,"81":0,"82":0,"83":0,"84":0,"85":0,"86":0,"87":1,"88":0,"89":0,"90":0,"91":0,"92":0,"93":0,"94":0,"95":0,"96":0,"97":0,"98":0,"99":0,"100":0,"101":0,"102":1,"103":1,"104":1,"105":1,"106":1,"107":1,"108":0,"109":1,"110":0,"111":0,"112":0,"113":1,"114":1,"115":1,"116":1,"117":0,"118":0,"119":0,"120":0,"121":0,"122":0,"123":0,"124":0,"125":0,"126":0,"127":0,"128":0,"129":1,"130":1,"131":1,"132":0,"133":1,"134":1,"135":1,"136":1,"137":1,"138":1,"139":1,"140":1,"141":1,"142":1,"143":1,"144":1,"145":0,"146":1,"147":1,"148":1,"149":0,"150":1,"151":1,"152":1,"153":2,"154":1,"155":1,"156":1,"157":0,"158":0,"159":1,"160":1,"161":1,"162":1,"163":0,"164":0,"165":0,"166":0,"167":0,"168":0,"169":0,"170":0,"171":0,"172":0,"173":0,"174":0,"175":0,"176":0,"177":1,"178":0,"179":0,"180":0,"181":0,"182":0,"183":0,"184":0,"185":0,"186":0,"187":0,"188":0,"189":0,"190":0,"191":0,"192":0,"193":0,"194":1,"195":0,"196":1,"197":0,"198":0,"199":0,"200":1,"201":0,"202":0,"203":0,"204":0,"205":0,"206":0,"207":0,"208":0,"209":0,"210":0,"211":1,"212":3,"213":1,"214":1,"215":41,"216":0,"217":0,"218":0,"219":0,"220":0,"221":0,"222":0,"223":0,"224":0,"225":0,"226":0,"227":0,"228":0,"229":0,"230":0,"231":0,"232":0,"233":0,"234":1,"235":41,"236":1,"237":1,"238":1,"239":1,"240":1,"241":1,"242":0,"243":0,"244":0,"245":0,"246":0,"247":0,"248":0,"249":0,"250":0,"251":0,"252":0,"253":0,"254":0,"255":0,"256":1,"257":0,"258":0,"259":0,"260":0,"261":0,"262":0,"263":0,"264":0,"265":1,"266":3,"267":3,"268":3,"269":3,"270":3,"271":3,"272":3,"273":3,"274":3,"275":3,"276":3,"277":1,"278":3,"279":3,"280":3,"281":0,"282":3,"283":1,"284":0,"285":0,"286":0,"287":1,"288":0,"289":0,"290":0,"291":0,"292":1,"293":0,"294":1,"295":1,"296":0,"297":1,"298":0,"299":1,"300":0,"301":0,"302":0,"303":0,"304":0,"305":0,"306":0,"307":0,"308":0,"309":1,"310":0,"311":0,"312":0,"313":1,"314":1,"315":0,"316":1,"317":1},"b":{"1":[0,3],"2":[3,3,1],"3":[6,0],"4":[0,0],"5":[0,0],"6":[0,0],"7":[0,0],"8":[0,0],"9":[0,0],"10":[0,0],"11":[0,0],"12":[0,0],"13":[0,0],"14":[0,1],"15":[1,1],"16":[0,0],"17":[0,0,1],"18":[0,0],"19":[0,0],"20":[1,0],"21":[0,1],"22":[1,0],"23":[0,0],"24":[0,0],"25":[0,0],"26":[0,0,0],"27":[0,0],"28":[0,0],"29":[0,0],"30":[0,0],"31":[0,0],"32":[0,0],"33":[0,0],"34":[0,0],"35":[0,0],"36":[0,0],"37":[0,0,0],"38":[0,0],"39":[0,0],"40":[0,3],"41":[0,3],"42":[3,0],"43":[0,0],"44":[0,0],"45":[0,0],"46":[0,0],"47":[0,0],"48":[0,0],"49":[0,1]},"f":{"1":3,"2":3,"3":6,"4":0,"5":0,"6":0,"7":0,"8":0,"9":0,"10":0,"11":0,"12":1,"13":0,"14":0,"15":0,"16":0,"17":0,"18":0,"19":0,"20":0,"21":0,"22":0,"23":0,"24":1,"25":0,"26":1,"27":1,"28":1,"29":1,"30":2,"31":1,"32":0,"33":0,"34":0,"35":0,"36":0,"37":0,"38":0,"39":0,"40":0,"41":0,"42":0,"43":0,"44":3,"45":1,"46":41,"47":0,"48":0,"49":0,"50":0,"51":0,"52":0,"53":0,"54":0,"55":0,"56":0,"57":0,"58":0,"59":0,"60":0,"61":3,"62":3,"63":0,"64":0,"65":0,"66":1,"67":0,"68":0,"69":0,"70":0,"71":0,"72":0},"fnMap":{"1":{"name":"_interopDefault","line":4,"loc":{"start":{"line":4,"column":0},"end":{"line":4,"column":30}}},"2":{"name":"write","line":37,"loc":{"start":{"line":37,"column":11},"end":{"line":37,"column":35}}},"3":{"name":"nl","line":43,"loc":{"start":{"line":43,"column":8},"end":{"line":43,"column":23}}},"4":{"name":"move","line":52,"loc":{"start":{"line":52,"column":10},"end":{"line":52,"column":30}}},"5":{"name":"up","line":69,"loc":{"start":{"line":69,"column":8},"end":{"line":69,"column":23}}},"6":{"name":"down","line":75,"loc":{"start":{"line":75,"column":10},"end":{"line":75,"column":27}}},"7":{"name":"right","line":81,"loc":{"start":{"line":81,"column":11},"end":{"line":81,"column":29}}},"8":{"name":"left","line":87,"loc":{"start":{"line":87,"column":10},"end":{"line":87,"column":27}}},"9":{"name":"clear","line":93,"loc":{"start":{"line":93,"column":11},"end":{"line":93,"column":28}}},"10":{"name":"clearLine","line":99,"loc":{"start":{"line":99,"column":15},"end":{"line":99,"column":36}}},"11":{"name":"clearCharacters","line":105,"loc":{"start":{"line":105,"column":21},"end":{"line":105,"column":49}}},"12":{"name":"hideCursor","line":110,"loc":{"start":{"line":110,"column":16},"end":{"line":110,"column":38}}},"13":{"name":"showCursor","line":114,"loc":{"start":{"line":114,"column":16},"end":{"line":114,"column":38}}},"14":{"name":"getRandom","line":120,"loc":{"start":{"line":120,"column":13},"end":{"line":120,"column":37}}},"15":{"name":"Monster","line":125,"loc":{"start":{"line":125,"column":0},"end":{"line":125,"column":23}}},"16":{"name":"(anonymous_16)","line":131,"loc":{"start":{"line":131,"column":22},"end":{"line":131,"column":34}}},"17":{"name":"(anonymous_17)","line":138,"loc":{"start":{"line":138,"column":26},"end":{"line":138,"column":38}}},"18":{"name":"(anonymous_18)","line":154,"loc":{"start":{"line":154,"column":14},"end":{"line":154,"column":26}}},"19":{"name":"(anonymous_19)","line":163,"loc":{"start":{"line":163,"column":22},"end":{"line":163,"column":34}}},"20":{"name":"(anonymous_20)","line":178,"loc":{"start":{"line":178,"column":16},"end":{"line":178,"column":28}}},"21":{"name":"Bullet","line":183,"loc":{"start":{"line":183,"column":0},"end":{"line":183,"column":24}}},"22":{"name":"(anonymous_22)","line":192,"loc":{"start":{"line":192,"column":14},"end":{"line":192,"column":26}}},"23":{"name":"(anonymous_23)","line":199,"loc":{"start":{"line":199,"column":16},"end":{"line":199,"column":28}}},"24":{"name":"(anonymous_24)","line":208,"loc":{"start":{"line":208,"column":13},"end":{"line":208,"column":30}}},"25":{"name":"(anonymous_25)","line":210,"loc":{"start":{"line":210,"column":26},"end":{"line":210,"column":39}}},"26":{"name":"(anonymous_26)","line":226,"loc":{"start":{"line":226,"column":15},"end":{"line":226,"column":28}}},"27":{"name":"startListening","line":264,"loc":{"start":{"line":264,"column":0},"end":{"line":264,"column":26}}},"28":{"name":"(anonymous_28)","line":265,"loc":{"start":{"line":265,"column":24},"end":{"line":265,"column":37}}},"29":{"name":"(anonymous_29)","line":281,"loc":{"start":{"line":281,"column":17},"end":{"line":281,"column":32}}},"30":{"name":"(anonymous_30)","line":286,"loc":{"start":{"line":286,"column":23},"end":{"line":286,"column":36}}},"31":{"name":"(anonymous_31)","line":290,"loc":{"start":{"line":290,"column":18},"end":{"line":290,"column":31}}},"32":{"name":"(anonymous_32)","line":294,"loc":{"start":{"line":294,"column":21},"end":{"line":294,"column":33}}},"33":{"name":"(anonymous_33)","line":305,"loc":{"start":{"line":305,"column":31},"end":{"line":305,"column":53}}},"34":{"name":"paintScreen","line":327,"loc":{"start":{"line":327,"column":0},"end":{"line":327,"column":23}}},"35":{"name":"(anonymous_35)","line":351,"loc":{"start":{"line":351,"column":19},"end":{"line":351,"column":35}}},"36":{"name":"(anonymous_36)","line":353,"loc":{"start":{"line":353,"column":13},"end":{"line":353,"column":29}}},"37":{"name":"cursorReturn","line":358,"loc":{"start":{"line":358,"column":0},"end":{"line":358,"column":28}}},"38":{"name":"getEntities","line":362,"loc":{"start":{"line":362,"column":0},"end":{"line":362,"column":27}}},"39":{"name":"(anonymous_39)","line":363,"loc":{"start":{"line":363,"column":26},"end":{"line":363,"column":42}}},"40":{"name":"(anonymous_40)","line":365,"loc":{"start":{"line":365,"column":10},"end":{"line":365,"column":26}}},"41":{"name":"paintMovers","line":370,"loc":{"start":{"line":370,"column":0},"end":{"line":370,"column":27}}},"42":{"name":"(anonymous_42)","line":372,"loc":{"start":{"line":372,"column":38},"end":{"line":372,"column":54}}},"43":{"name":"(anonymous_43)","line":377,"loc":{"start":{"line":377,"column":21},"end":{"line":377,"column":37}}},"44":{"name":"writeCentre","line":388,"loc":{"start":{"line":388,"column":0},"end":{"line":388,"column":34}}},"45":{"name":"startSequence","line":392,"loc":{"start":{"line":392,"column":0},"end":{"line":392,"column":36}}},"46":{"name":"_loop","line":393,"loc":{"start":{"line":393,"column":14},"end":{"line":393,"column":32}}},"47":{"name":"(anonymous_47)","line":394,"loc":{"start":{"line":394,"column":15},"end":{"line":394,"column":27}}},"48":{"name":"_loop2","line":402,"loc":{"start":{"line":402,"column":21},"end":{"line":402,"column":40}}},"49":{"name":"(anonymous_49)","line":403,"loc":{"start":{"line":403,"column":21},"end":{"line":403,"column":33}}},"50":{"name":"_loop3","line":407,"loc":{"start":{"line":407,"column":27},"end":{"line":407,"column":46}}},"51":{"name":"(anonymous_51)","line":408,"loc":{"start":{"line":408,"column":27},"end":{"line":408,"column":39}}},"52":{"name":"checkBullet","line":450,"loc":{"start":{"line":450,"column":0},"end":{"line":450,"column":31}}},"53":{"name":"(anonymous_53)","line":451,"loc":{"start":{"line":451,"column":32},"end":{"line":451,"column":45}}},"54":{"name":"(anonymous_54)","line":454,"loc":{"start":{"line":454,"column":29},"end":{"line":454,"column":42}}},"55":{"name":"(anonymous_55)","line":458,"loc":{"start":{"line":458,"column":18},"end":{"line":458,"column":40}}},"56":{"name":"(anonymous_56)","line":460,"loc":{"start":{"line":460,"column":17},"end":{"line":460,"column":36}}},"57":{"name":"checkIntersects","line":473,"loc":{"start":{"line":473,"column":0},"end":{"line":473,"column":35}}},"58":{"name":"(anonymous_58)","line":474,"loc":{"start":{"line":474,"column":32},"end":{"line":474,"column":48}}},"59":{"name":"(anonymous_59)","line":477,"loc":{"start":{"line":477,"column":29},"end":{"line":477,"column":42}}},"60":{"name":"(anonymous_60)","line":480,"loc":{"start":{"line":480,"column":15},"end":{"line":480,"column":30}}},"61":{"name":"timeDifference","line":488,"loc":{"start":{"line":488,"column":0},"end":{"line":488,"column":31}}},"62":{"name":"gameOver","line":504,"loc":{"start":{"line":504,"column":0},"end":{"line":504,"column":23}}},"63":{"name":"intersects","line":514,"loc":{"start":{"line":514,"column":0},"end":{"line":514,"column":37}}},"64":{"name":"generateMobs","line":521,"loc":{"start":{"line":521,"column":0},"end":{"line":521,"column":24}}},"65":{"name":"addScore","line":529,"loc":{"start":{"line":529,"column":0},"end":{"line":529,"column":23}}},"66":{"name":"startGame","line":533,"loc":{"start":{"line":533,"column":0},"end":{"line":533,"column":21}}},"67":{"name":"(anonymous_67)","line":534,"loc":{"start":{"line":534,"column":16},"end":{"line":534,"column":28}}},"68":{"name":"fire","line":539,"loc":{"start":{"line":539,"column":0},"end":{"line":539,"column":16}}},"69":{"name":"interval","line":543,"loc":{"start":{"line":543,"column":0},"end":{"line":543,"column":37}}},"70":{"name":"(anonymous_70)","line":544,"loc":{"start":{"line":544,"column":15},"end":{"line":544,"column":31}}},"71":{"name":"(anonymous_71)","line":545,"loc":{"start":{"line":545,"column":11},"end":{"line":545,"column":23}}},"72":{"name":"runLoop","line":561,"loc":{"start":{"line":561,"column":0},"end":{"line":561,"column":19}}}},"statementMap":{"1":{"start":{"line":4,"column":0},"end":{"line":4,"column":114}},"2":{"start":{"line":4,"column":32},"end":{"line":4,"column":112}},"3":{"start":{"line":6,"column":0},"end":{"line":6,"column":52}},"4":{"start":{"line":7,"column":0},"end":{"line":7,"column":48}},"5":{"start":{"line":8,"column":0},"end":{"line":8,"column":43}},"6":{"start":{"line":9,"column":0},"end":{"line":9,"column":31}},"7":{"start":{"line":10,"column":0},"end":{"line":10,"column":45}},"8":{"start":{"line":12,"column":0},"end":{"line":12,"column":33}},"9":{"start":{"line":13,"column":0},"end":{"line":13,"column":35}},"10":{"start":{"line":14,"column":0},"end":{"line":14,"column":18}},"11":{"start":{"line":15,"column":0},"end":{"line":15,"column":19}},"12":{"start":{"line":16,"column":0},"end":{"line":16,"column":30}},"13":{"start":{"line":17,"column":0},"end":{"line":17,"column":32}},"14":{"start":{"line":18,"column":0},"end":{"line":18,"column":13}},"15":{"start":{"line":19,"column":0},"end":{"line":19,"column":32}},"16":{"start":{"line":20,"column":0},"end":{"line":20,"column":20}},"17":{"start":{"line":21,"column":0},"end":{"line":21,"column":37}},"18":{"start":{"line":22,"column":0},"end":{"line":22,"column":46}},"19":{"start":{"line":23,"column":0},"end":{"line":23,"column":663}},"20":{"start":{"line":27,"column":0},"end":{"line":117,"column":2}},"21":{"start":{"line":38,"column":8},"end":{"line":38,"column":38}},"22":{"start":{"line":39,"column":8},"end":{"line":39,"column":20}},"23":{"start":{"line":44,"column":8},"end":{"line":44,"column":19}},"24":{"start":{"line":45,"column":8},"end":{"line":47,"column":9}},"25":{"start":{"line":46,"column":12},"end":{"line":46,"column":39}},"26":{"start":{"line":48,"column":8},"end":{"line":48,"column":20}},"27":{"start":{"line":53,"column":8},"end":{"line":53,"column":19}},"28":{"start":{"line":54,"column":8},"end":{"line":54,"column":19}},"29":{"start":{"line":56,"column":8},"end":{"line":56,"column":45}},"30":{"start":{"line":57,"column":8},"end":{"line":59,"column":9}},"31":{"start":{"line":58,"column":12},"end":{"line":58,"column":27}},"32":{"start":{"line":60,"column":8},"end":{"line":62,"column":9}},"33":{"start":{"line":61,"column":12},"end":{"line":61,"column":33}},"34":{"start":{"line":64,"column":8},"end":{"line":64,"column":44}},"35":{"start":{"line":65,"column":8},"end":{"line":65,"column":20}},"36":{"start":{"line":70,"column":8},"end":{"line":70,"column":63}},"37":{"start":{"line":71,"column":8},"end":{"line":71,"column":20}},"38":{"start":{"line":76,"column":8},"end":{"line":76,"column":63}},"39":{"start":{"line":77,"column":8},"end":{"line":77,"column":20}},"40":{"start":{"line":82,"column":8},"end":{"line":82,"column":63}},"41":{"start":{"line":83,"column":8},"end":{"line":83,"column":20}},"42":{"start":{"line":88,"column":8},"end":{"line":88,"column":63}},"43":{"start":{"line":89,"column":8},"end":{"line":89,"column":20}},"44":{"start":{"line":94,"column":8},"end":{"line":94,"column":82}},"45":{"start":{"line":95,"column":8},"end":{"line":95,"column":20}},"46":{"start":{"line":100,"column":8},"end":{"line":100,"column":55}},"47":{"start":{"line":101,"column":8},"end":{"line":101,"column":20}},"48":{"start":{"line":106,"column":8},"end":{"line":106,"column":59}},"49":{"start":{"line":107,"column":8},"end":{"line":107,"column":20}},"50":{"start":{"line":111,"column":8},"end":{"line":111,"column":57}},"51":{"start":{"line":115,"column":8},"end":{"line":115,"column":57}},"52":{"start":{"line":119,"column":0},"end":{"line":123,"column":2}},"53":{"start":{"line":121,"column":4},"end":{"line":121,"column":48}},"54":{"start":{"line":125,"column":0},"end":{"line":181,"column":1}},"55":{"start":{"line":126,"column":2},"end":{"line":126,"column":19}},"56":{"start":{"line":128,"column":2},"end":{"line":128,"column":16}},"57":{"start":{"line":129,"column":2},"end":{"line":129,"column":23}},"58":{"start":{"line":131,"column":2},"end":{"line":136,"column":4}},"59":{"start":{"line":132,"column":4},"end":{"line":132,"column":74}},"60":{"start":{"line":133,"column":4},"end":{"line":133,"column":64}},"61":{"start":{"line":134,"column":4},"end":{"line":134,"column":43}},"62":{"start":{"line":135,"column":4},"end":{"line":135,"column":23}},"63":{"start":{"line":138,"column":2},"end":{"line":142,"column":4}},"64":{"start":{"line":139,"column":4},"end":{"line":141,"column":5}},"65":{"start":{"line":140,"column":6},"end":{"line":140,"column":30}},"66":{"start":{"line":144,"column":2},"end":{"line":151,"column":5}},"67":{"start":{"line":153,"column":2},"end":{"line":153,"column":26}},"68":{"start":{"line":154,"column":2},"end":{"line":162,"column":4}},"69":{"start":{"line":155,"column":4},"end":{"line":155,"column":28}},"70":{"start":{"line":156,"column":4},"end":{"line":158,"column":5}},"71":{"start":{"line":157,"column":6},"end":{"line":157,"column":27}},"72":{"start":{"line":159,"column":4},"end":{"line":161,"column":5}},"73":{"start":{"line":160,"column":6},"end":{"line":160,"column":21}},"74":{"start":{"line":163,"column":2},"end":{"line":177,"column":4}},"75":{"start":{"line":164,"column":4},"end":{"line":164,"column":17}},"76":{"start":{"line":165,"column":4},"end":{"line":168,"column":5}},"77":{"start":{"line":166,"column":6},"end":{"line":166,"column":46}},"78":{"start":{"line":167,"column":6},"end":{"line":167,"column":44}},"79":{"start":{"line":169,"column":4},"end":{"line":169,"column":18}},"80":{"start":{"line":170,"column":4},"end":{"line":170,"column":52}},"81":{"start":{"line":171,"column":4},"end":{"line":176,"column":5}},"82":{"start":{"line":172,"column":6},"end":{"line":172,"column":54}},"83":{"start":{"line":173,"column":6},"end":{"line":173,"column":26}},"84":{"start":{"line":175,"column":6},"end":{"line":175,"column":21}},"85":{"start":{"line":178,"column":2},"end":{"line":180,"column":4}},"86":{"start":{"line":179,"column":4},"end":{"line":179,"column":50}},"87":{"start":{"line":183,"column":0},"end":{"line":202,"column":1}},"88":{"start":{"line":184,"column":2},"end":{"line":184,"column":20}},"89":{"start":{"line":186,"column":2},"end":{"line":186,"column":23}},"90":{"start":{"line":187,"column":2},"end":{"line":187,"column":21}},"91":{"start":{"line":188,"column":2},"end":{"line":188,"column":15}},"92":{"start":{"line":189,"column":2},"end":{"line":189,"column":26}},"93":{"start":{"line":190,"column":2},"end":{"line":190,"column":27}},"94":{"start":{"line":191,"column":2},"end":{"line":191,"column":17}},"95":{"start":{"line":192,"column":2},"end":{"line":197,"column":4}},"96":{"start":{"line":193,"column":4},"end":{"line":193,"column":30}},"97":{"start":{"line":194,"column":4},"end":{"line":196,"column":5}},"98":{"start":{"line":195,"column":6},"end":{"line":195,"column":22}},"99":{"start":{"line":198,"column":2},"end":{"line":198,"column":20}},"100":{"start":{"line":199,"column":2},"end":{"line":201,"column":4}},"101":{"start":{"line":200,"column":4},"end":{"line":200,"column":51}},"102":{"start":{"line":204,"column":0},"end":{"line":204,"column":21}},"103":{"start":{"line":205,"column":0},"end":{"line":205,"column":20}},"104":{"start":{"line":206,"column":0},"end":{"line":206,"column":16}},"105":{"start":{"line":208,"column":0},"end":{"line":224,"column":2}},"106":{"start":{"line":209,"column":2},"end":{"line":209,"column":37}},"107":{"start":{"line":210,"column":2},"end":{"line":213,"column":5}},"108":{"start":{"line":211,"column":4},"end":{"line":212,"column":6}},"109":{"start":{"line":214,"column":2},"end":{"line":222,"column":3}},"110":{"start":{"line":215,"column":4},"end":{"line":219,"column":5}},"111":{"start":{"line":216,"column":6},"end":{"line":216,"column":29}},"112":{"start":{"line":218,"column":6},"end":{"line":218,"column":38}},"113":{"start":{"line":221,"column":4},"end":{"line":221,"column":24}},"114":{"start":{"line":223,"column":2},"end":{"line":223,"column":25}},"115":{"start":{"line":226,"column":0},"end":{"line":250,"column":2}},"116":{"start":{"line":227,"column":2},"end":{"line":249,"column":3}},"117":{"start":{"line":229,"column":6},"end":{"line":229,"column":56}},"118":{"start":{"line":230,"column":6},"end":{"line":233,"column":7}},"119":{"start":{"line":231,"column":8},"end":{"line":231,"column":40}},"120":{"start":{"line":232,"column":8},"end":{"line":232,"column":24}},"121":{"start":{"line":234,"column":6},"end":{"line":234,"column":37}},"122":{"start":{"line":235,"column":6},"end":{"line":235,"column":12}},"123":{"start":{"line":237,"column":6},"end":{"line":237,"column":60}},"124":{"start":{"line":238,"column":6},"end":{"line":241,"column":7}},"125":{"start":{"line":239,"column":8},"end":{"line":239,"column":43}},"126":{"start":{"line":240,"column":8},"end":{"line":240,"column":23}},"127":{"start":{"line":242,"column":6},"end":{"line":242,"column":20}},"128":{"start":{"line":243,"column":6},"end":{"line":243,"column":12}},"129":{"start":{"line":245,"column":6},"end":{"line":245,"column":67}},"130":{"start":{"line":246,"column":6},"end":{"line":246,"column":61}},"131":{"start":{"line":247,"column":6},"end":{"line":247,"column":27}},"132":{"start":{"line":248,"column":6},"end":{"line":248,"column":12}},"133":{"start":{"line":252,"column":0},"end":{"line":252,"column":33}},"134":{"start":{"line":254,"column":0},"end":{"line":254,"column":17}},"135":{"start":{"line":256,"column":0},"end":{"line":256,"column":19}},"136":{"start":{"line":258,"column":0},"end":{"line":260,"column":3}},"137":{"start":{"line":262,"column":0},"end":{"line":262,"column":28}},"138":{"start":{"line":264,"column":0},"end":{"line":325,"column":1}},"139":{"start":{"line":265,"column":2},"end":{"line":284,"column":5}},"140":{"start":{"line":266,"column":4},"end":{"line":266,"column":27}},"141":{"start":{"line":267,"column":4},"end":{"line":269,"column":5}},"142":{"start":{"line":268,"column":6},"end":{"line":268,"column":22}},"143":{"start":{"line":271,"column":4},"end":{"line":271,"column":33}},"144":{"start":{"line":272,"column":4},"end":{"line":274,"column":5}},"145":{"start":{"line":273,"column":6},"end":{"line":273,"column":13}},"146":{"start":{"line":275,"column":4},"end":{"line":275,"column":22}},"147":{"start":{"line":276,"column":4},"end":{"line":280,"column":5}},"148":{"start":{"line":277,"column":6},"end":{"line":277,"column":31}},"149":{"start":{"line":279,"column":6},"end":{"line":279,"column":20}},"150":{"start":{"line":281,"column":4},"end":{"line":283,"column":7}},"151":{"start":{"line":282,"column":6},"end":{"line":282,"column":34}},"152":{"start":{"line":286,"column":2},"end":{"line":288,"column":5}},"153":{"start":{"line":287,"column":4},"end":{"line":287,"column":19}},"154":{"start":{"line":290,"column":2},"end":{"line":292,"column":5}},"155":{"start":{"line":291,"column":4},"end":{"line":291,"column":19}},"156":{"start":{"line":294,"column":2},"end":{"line":297,"column":5}},"157":{"start":{"line":295,"column":4},"end":{"line":295,"column":23}},"158":{"start":{"line":296,"column":4},"end":{"line":296,"column":26}},"159":{"start":{"line":299,"column":2},"end":{"line":299,"column":33}},"160":{"start":{"line":301,"column":2},"end":{"line":301,"column":24}},"161":{"start":{"line":303,"column":2},"end":{"line":303,"column":26}},"162":{"start":{"line":305,"column":2},"end":{"line":324,"column":5}},"163":{"start":{"line":306,"column":4},"end":{"line":306,"column":21}},"164":{"start":{"line":306,"column":14},"end":{"line":306,"column":21}},"165":{"start":{"line":307,"column":4},"end":{"line":309,"column":5}},"166":{"start":{"line":308,"column":6},"end":{"line":308,"column":22}},"167":{"start":{"line":310,"column":4},"end":{"line":323,"column":5}},"168":{"start":{"line":312,"column":8},"end":{"line":312,"column":26}},"169":{"start":{"line":313,"column":8},"end":{"line":313,"column":58}},"170":{"start":{"line":314,"column":8},"end":{"line":314,"column":14}},"171":{"start":{"line":316,"column":8},"end":{"line":316,"column":25}},"172":{"start":{"line":317,"column":8},"end":{"line":317,"column":67}},"173":{"start":{"line":318,"column":8},"end":{"line":318,"column":14}},"174":{"start":{"line":320,"column":8},"end":{"line":320,"column":25}},"175":{"start":{"line":321,"column":8},"end":{"line":321,"column":15}},"176":{"start":{"line":322,"column":8},"end":{"line":322,"column":14}},"177":{"start":{"line":327,"column":0},"end":{"line":356,"column":1}},"178":{"start":{"line":328,"column":2},"end":{"line":328,"column":19}},"179":{"start":{"line":330,"column":2},"end":{"line":349,"column":3}},"180":{"start":{"line":332,"column":4},"end":{"line":332,"column":22}},"181":{"start":{"line":334,"column":4},"end":{"line":340,"column":5}},"182":{"start":{"line":336,"column":6},"end":{"line":336,"column":79}},"183":{"start":{"line":337,"column":6},"end":{"line":337,"column":38}},"184":{"start":{"line":338,"column":6},"end":{"line":338,"column":34}},"185":{"start":{"line":339,"column":6},"end":{"line":339,"column":40}},"186":{"start":{"line":342,"column":4},"end":{"line":346,"column":5}},"187":{"start":{"line":343,"column":6},"end":{"line":343,"column":39}},"188":{"start":{"line":344,"column":6},"end":{"line":344,"column":31}},"189":{"start":{"line":345,"column":6},"end":{"line":345,"column":37}},"190":{"start":{"line":348,"column":4},"end":{"line":348,"column":21}},"191":{"start":{"line":351,"column":2},"end":{"line":355,"column":5}},"192":{"start":{"line":352,"column":4},"end":{"line":352,"column":57}},"193":{"start":{"line":354,"column":4},"end":{"line":354,"column":16}},"194":{"start":{"line":358,"column":0},"end":{"line":360,"column":1}},"195":{"start":{"line":359,"column":2},"end":{"line":359,"column":43}},"196":{"start":{"line":362,"column":0},"end":{"line":368,"column":1}},"197":{"start":{"line":363,"column":2},"end":{"line":367,"column":5}},"198":{"start":{"line":364,"column":4},"end":{"line":364,"column":28}},"199":{"start":{"line":366,"column":4},"end":{"line":366,"column":27}},"200":{"start":{"line":370,"column":0},"end":{"line":386,"column":1}},"201":{"start":{"line":371,"column":2},"end":{"line":371,"column":35}},"202":{"start":{"line":372,"column":2},"end":{"line":374,"column":5}},"203":{"start":{"line":373,"column":4},"end":{"line":373,"column":58}},"204":{"start":{"line":376,"column":2},"end":{"line":385,"column":3}},"205":{"start":{"line":377,"column":4},"end":{"line":380,"column":7}},"206":{"start":{"line":378,"column":6},"end":{"line":378,"column":59}},"207":{"start":{"line":379,"column":6},"end":{"line":379,"column":25}},"208":{"start":{"line":381,"column":4},"end":{"line":381,"column":47}},"209":{"start":{"line":382,"column":4},"end":{"line":384,"column":5}},"210":{"start":{"line":383,"column":6},"end":{"line":383,"column":32}},"211":{"start":{"line":388,"column":0},"end":{"line":390,"column":1}},"212":{"start":{"line":389,"column":2},"end":{"line":389,"column":50}},"213":{"start":{"line":392,"column":0},"end":{"line":434,"column":1}},"214":{"start":{"line":393,"column":2},"end":{"line":428,"column":4}},"215":{"start":{"line":394,"column":4},"end":{"line":427,"column":15}},"216":{"start":{"line":395,"column":6},"end":{"line":395,"column":41}},"217":{"start":{"line":396,"column":6},"end":{"line":396,"column":26}},"218":{"start":{"line":397,"column":6},"end":{"line":397,"column":32}},"219":{"start":{"line":399,"column":6},"end":{"line":426,"column":7}},"220":{"start":{"line":400,"column":8},"end":{"line":400,"column":39}},"221":{"start":{"line":402,"column":8},"end":{"line":421,"column":10}},"222":{"start":{"line":403,"column":10},"end":{"line":420,"column":21}},"223":{"start":{"line":404,"column":12},"end":{"line":404,"column":49}},"224":{"start":{"line":406,"column":12},"end":{"line":419,"column":13}},"225":{"start":{"line":407,"column":14},"end":{"line":414,"column":16}},"226":{"start":{"line":408,"column":16},"end":{"line":413,"column":27}},"227":{"start":{"line":409,"column":18},"end":{"line":409,"column":32}},"228":{"start":{"line":410,"column":18},"end":{"line":412,"column":19}},"229":{"start":{"line":411,"column":20},"end":{"line":411,"column":34}},"230":{"start":{"line":416,"column":14},"end":{"line":418,"column":15}},"231":{"start":{"line":417,"column":16},"end":{"line":417,"column":26}},"232":{"start":{"line":423,"column":8},"end":{"line":425,"column":9}},"233":{"start":{"line":424,"column":10},"end":{"line":424,"column":20}},"234":{"start":{"line":431,"column":2},"end":{"line":433,"column":3}},"235":{"start":{"line":432,"column":4},"end":{"line":432,"column":13}},"236":{"start":{"line":436,"column":0},"end":{"line":436,"column":14}},"237":{"start":{"line":437,"column":0},"end":{"line":437,"column":17}},"238":{"start":{"line":438,"column":0},"end":{"line":438,"column":18}},"239":{"start":{"line":440,"column":0},"end":{"line":446,"column":3}},"240":{"start":{"line":448,"column":0},"end":{"line":448,"column":26}},"241":{"start":{"line":450,"column":0},"end":{"line":471,"column":1}},"242":{"start":{"line":451,"column":2},"end":{"line":453,"column":5}},"243":{"start":{"line":452,"column":4},"end":{"line":452,"column":31}},"244":{"start":{"line":454,"column":2},"end":{"line":456,"column":5}},"245":{"start":{"line":455,"column":4},"end":{"line":455,"column":28}},"246":{"start":{"line":457,"column":2},"end":{"line":457,"column":23}},"247":{"start":{"line":458,"column":2},"end":{"line":470,"column":5}},"248":{"start":{"line":460,"column":4},"end":{"line":469,"column":7}},"249":{"start":{"line":461,"column":6},"end":{"line":468,"column":7}},"250":{"start":{"line":462,"column":8},"end":{"line":462,"column":27}},"251":{"start":{"line":463,"column":8},"end":{"line":463,"column":32}},"252":{"start":{"line":464,"column":8},"end":{"line":464,"column":41}},"253":{"start":{"line":465,"column":8},"end":{"line":465,"column":24}},"254":{"start":{"line":466,"column":8},"end":{"line":466,"column":30}},"255":{"start":{"line":467,"column":8},"end":{"line":467,"column":31}},"256":{"start":{"line":473,"column":0},"end":{"line":486,"column":1}},"257":{"start":{"line":474,"column":2},"end":{"line":476,"column":10}},"258":{"start":{"line":475,"column":4},"end":{"line":475,"column":34}},"259":{"start":{"line":477,"column":2},"end":{"line":479,"column":5}},"260":{"start":{"line":478,"column":4},"end":{"line":478,"column":28}},"261":{"start":{"line":480,"column":2},"end":{"line":485,"column":5}},"262":{"start":{"line":481,"column":4},"end":{"line":484,"column":5}},"263":{"start":{"line":482,"column":6},"end":{"line":482,"column":
[...]
ine":481,"column":4},"end":{"line":481,"column":4}},{"start":{"line":481,"column":4},"end":{"line":481,"column":4}}]},"39":{"line":481,"type":"binary-expr","locations":[{"start":{"line":481,"column":8},"end":{"line":481,"column":45}},{"start":{"line":481,"column":49},"end":{"line":481,"column":58}}]},"40":{"line":501,"type":"cond-expr","locations":[{"start":{"line":501,"column":18},"end":{"line":501,"column":35}},{"start":{"line":501,"column":38},"end":{"line":501,"column":40}}]},"41":{"line":501,"type":"cond-expr","locations":[{"start":{"line":501,"column":52},"end":{"line":501,"column":73}},{"start":{"line":501,"column":76},"end":{"line":501,"column":78}}]},"42":{"line":506,"type":"if","locations":[{"start":{"line":506,"column":2},"end":{"line":506,"column":2}},{"start":{"line":506,"column":2},"end":{"line":506,"column":2}}]},"43":{"line":515,"type":"if","locations":[{"start":{"line":515,"column":2},"end":{"line":515,"column":2}},{"start":{"line":515,"column":2},"end":{"line":515,"column":2}}]},"44":{"line":523,"type":"if","locations":[{"start":{"line":523,"column":2},"end":{"line":523,"column":2}},{"start":{"line":523,"column":2},"end":{"line":523,"column":2}}]},"45":{"line":523,"type":"binary-expr","locations":[{"start":{"line":523,"column":6},"end":{"line":523,"column":25}},{"start":{"line":523,"column":29},"end":{"line":523,"column":61}}]},"46":{"line":546,"type":"if","locations":[{"start":{"line":546,"column":6},"end":{"line":546,"column":6}},{"start":{"line":546,"column":6},"end":{"line":546,"column":6}}]},"47":{"line":546,"type":"binary-expr","locations":[{"start":{"line":546,"column":10},"end":{"line":546,"column":34}},{"start":{"line":546,"column":38},"end":{"line":546,"column":45}}]},"48":{"line":562,"type":"if","locations":[{"start":{"line":562,"column":2},"end":{"line":562,"column":2}},{"start":{"line":562,"column":2},"end":{"line":562,"column":2}}]},"49":{"line":570,"type":"if","locations":[{"start":{"line":570,"column":0},"end":{"line":570,"column":0}},{"start":{"line":570,"column":0},"end":{"line":570,"column":0}}]}},"code":["//#!/usr/bin/env node","'use strict';","","function _interopDefault (ex) { return (ex && (typeof ex === 'object') && 'default' in ex) ? ex['default'] : ex; }","","var keypress = _interopDefault(require('keypress'));","var pty = _interopDefault(require('child_pty'));","var _ = _interopDefault(require('lodash'));","var colors = require('colors');","var child_process = require('child_process');","","var HEIGHT = process.stdout.rows;","var WIDTH = process.stdout.columns;","var LEFTWALL = 10;","var RIGHTWALL = 10;","var MIDWIDTH = ~ ~(WIDTH / 2);","var MIDHEIGHT = ~ ~(HEIGHT / 2);","var FPS = 15;","var FRAMERATE = ~ ~(1000 / FPS);","var DIFFICULTY = 50; // out of 100","var STARTTIME = new Date().getTime();","var PLAYERLINE = ~ ~(HEIGHT / 4 + HEIGHT / 2);","var LOSEMSGS = ['You lose! Give up, go home, and sell your keyboard on ebay.\\nNo packages have been installed. Because life is hard.', 'You have failed in your mission. The packages have won.\\nWhat will become of us now?', 'Game over.\\nNo packages were harmed or installed in the playing of this game.', 'You failed to wrangle the packages into their node_modules/ corral.\\nBetter luck next time, cowboy.', 'Your ship crashed into an errant piece of installation debris and now you\\'ll have to start all over again.\\nThis is probably quite embarassing for you.', 'Uh oh. Looks like you failed to install any packages.\\nHave you tried just mashing the spacebar?'];","","// Terminal object","// Allows for controlling the terminal by outputting control characters","var terminal = {","    // Terminal escape character","    // escape_code: '\\033',","    escape_code: '\\x1B',","","    // Display attributes reset","    // reset_code: '\\033[0m',","    reset_code: '\\x1B[0m',","","    // Write a message in the terminal","    write: function write(message) {","        process.stdout.write(message);","        return this;","    },","","    // Print one or more new line characters","    nl: function nl(n) {","        n = n || 1;","        for (var i = 0; i < n; i++) {","            process.stdout.write('\\n');","        }","        return this;","    },","","    // Move the terminal cursor","    move: function move(x, y) {","        x = x || 0;","        y = y || 0;","","        var command = this.escape_code + '[';","        if (undefined !== x && 0 < x) {","            command += ++x;","        }","        if (undefined !== y && 0 < y) {","            command += ';' + ++y;","        }","","        process.stdout.write(command + 'H');","        return this;","    },","","    // Move the terminal cursor up `x` positions","    up: function up(x) {","        process.stdout.write(this.escape_code + '[' + x + 'A');","        return this;","    },","","    // Move the terminal cursor down x positions","    down: function down(x) {","        process.stdout.write(this.escape_code + '[' + x + 'B');","        return this;","    },","","    // Move the terminal cursor `p` positions right","    right: function right(p) {","        process.stdout.write(this.escape_code + '[' + p + 'C');","        return this;","    },","","    // Move the terminal cursor `p` positions left","    left: function left(p) {","        process.stdout.write(this.escape_code + '[' + p + 'D');","        return this;","    },","","    // Clear all characters from the terminal screen","    clear: function clear() {","        process.stdout.write(this.escape_code + '[2J' + this.escape_code + '[;H');","        return this;","    },","","    // Clear the line the cursor is at","    clearLine: function clearLine() {","        process.stdout.write(this.escape_code + '[2K');","        return this;","    },","","    // Clear the next `n` characters from the current cursor position.","    clearCharacters: function clearCharacters(n) {","        this.write(new Array(n + 2).join(' ')).left(n + 2);","        return this;","    },","","    hideCursor: function hideCursor() {","        process.stdout.write(this.escape_code + '[?25l');","    },","","    showCursor: function showCursor() {","        process.stdout.write(this.escape_code + '[?25h');","    }","};","","var utils = {","  getRandom: function getRandom(arr) {","    return arr[~ ~(Math.random() * arr.length)];","  }","};","","function Monster(text) {","  var _this = this;","","  this.s = text;","  this.dangerZone = [];","","  this.getPlacement = function () {","    var randomStart = ~ ~(Math.random() * (WIDTH - RIGHTWALL - LEFTWALL));","    randomStart = Math.min(randomStart, WIDTH - _this.s.length);","    randomStart = Math.max(randomStart, 0);","    return randomStart;","  };","","  this.createDangerZone = function () {","    for (var i = this.left; i < this.left + this.s.length; i++) {","      this.dangerZone.push(i);","    }","  };","","  Object.assign(this, {","    type: 'mob',","    up: 0,","    left: this.getPlacement(),","    colour: 'red',","    dead: false,","    colourIndex: 0","  });","","  this.createDangerZone();","  this.tick = function () {","    _this.up = _this.up + 1;","    if (_this.dead) {","      _this.turnToDebris();","    }","    if (_this.up > HEIGHT) {","      _this.remove();","    }","  };","  this.turnToDebris = function () {","    var str = '';","    for (var i = 0; i < _this.s.length; i++) {","      var debrisChoices = ';,.`\\'\"'.split('');","      str += utils.getRandom(debrisChoices);","    }","    _this.s = str;","    var colourChoices = ['yellow', 'grey', 'black'];","    if (_this.colour !== 'black') {","      _this.colour = colourChoices[_this.colourIndex];","      _this.colourIndex++;","    } else {","      _this.remove();","    }","  };","  this.remove = function () {","    gameState.splice(gameState.indexOf(_this), 1);","  };","}","","function Bullet(xCoord) {","  var _this2 = this;","","  this.type = 'bullet';","  this.left = xCoord;","  this.s = '|';","  this.colour = 'magenta';","  this.up = PLAYERLINE - 1;","  this.speed = 2;","  this.tick = function () {","    _this2.up = _this2.up - 1;","    if (_this2.dead) {","      _this2.remove();","    }","  };","  this.dead = false;","  this.remove = function () {","    gameState.splice(gameState.indexOf(_this2), 1);","  };","}","","var setting = void 0;","var args$1 = void 0;","var Parser = {};","","Parser.set = function (terms) {","  var strippedTerms = _.clone(terms);","  _.remove(strippedTerms, function (i) {","    return (/^-/.test(i)","    );","  });","  if (strippedTerms[0] === 'install' || strippedTerms[0] === 'i') {","    if (strippedTerms.length === 1) {","      setting = 'npmInstall';","    } else {","      setting = 'npmInstallSomething';","    }","  } else {","    setting = 'default';","  }","  args$1 = strippedTerms;","};","","Parser.parse = function (d) {","  switch (setting) {","    case 'npmInstall':","      var bits = d.toString().match(/:[a-zA-Z0-9\\-_]+/);","      if (bits) {","        var packName = bits[0].slice(1);","        return packName;","      }","      return utils.getRandom(args$1);","      break;","    case 'npmInstallSomething':","      var moreBits = d.toString().match(/:[a-zA-Z0-9\\-_]+/);","      if (moreBits) {","        var depName = moreBits[0].slice(1);","        return depName;","      }","      return args$1;","      break;","    default:","      var justLetters = d.toString().replace(/[^a-zA-Z0-9]+/g, '');","      var noColourCodes = justLetters.replace(/[\\d]+m/, ' ');","      return noColourCodes;","      break;","  }","};","","var args = process.argv.slice(2);","","Parser.set(args);","","var npmOutput = '';","","var npm = pty.spawn('npm', args, {","  cwd: process.cwd()","});","","var installingPackages = {};","","function startListening() {","  npm.stdout.on('data', function (d) {","    var str = d.toString();","    if (str.length > 10) {","      npmOutput = str;","    }","    // We store it as keys in an object to quickly uniq them","    var output = Parser.parse(d);","    if (!output) {","      return;","    }","    var pkgs = void 0;","    if (typeof output === 'string') {","      pkgs = output.split(' ');","    } else {","      pkgs = output;","    }","    pkgs.forEach(function (pkg) {","      installingPackages[pkg] = 1;","    });","  });","","  npm.stdout.on('end', function (d) {","    gameOver(true);","  });","","  npm.on('close', function (d) {","    gameOver(true);","  });","","  process.on('exit', function () {","    npm.kill('SIGINT');","    terminal.showCursor();","  });","","  process.stdin.setRawMode(true);","","  terminal.hideCursor();","","  keypress(process.stdin);","","  process.stdin.on('keypress', function (chunk, key) {","    if (!key) return;","    if (key.ctrl && key.name == 'c') {","      process.exit(1);","    }","    switch (key.name) {","      case 'left':","        terminal.right(1);","        player.left = Math.max(player.left - 1, LEFTWALL);","        break;","      case 'right':","        terminal.left(1);","        player.left = Math.min(player.left + 1, WIDTH - RIGHTWALL);","        break;","      case 'space':","        terminal.left(1);","        fire();","        break;","    }","  });","}","","function paintScreen() {","  terminal.clear();","","  for (var line = 0; line < HEIGHT; line++) {","","    paintMovers(line);","","    if (line === 1) {","      // Replace control chars, letters and numbers","      var out = npmOutput.replace(/[\\x00-\\x1F\\x7F-\\x9Fa-zA-Z0-9\\?\\[:\\s]/g, '');","      var progressTxt = 'NPM: ' + out;","      terminal.write(progressTxt);","      terminal.left(progressTxt.length);","    }","","    if (line === 2) {","      var scoreTxt = 'Score: ' + SCORE;","      terminal.write(scoreTxt);","      terminal.left(scoreTxt.length);","    }","","    terminal.down(1);","  }","","  gameState.filter(function (item) {","    return item.type === 'bullet' || item.type === 'mob';","  }).forEach(function (item) {","    item.tick();","  });","}","","function cursorReturn(item) {","  terminal.left(item.left + item.s.length);","}","","function getEntities(line) {","  return gameState.filter(function (item) {","    return item.up === line;","  }).sort(function (a, b) {","    return a.left > b.left;","  });","}","","function paintMovers(line) {","  var entities = getEntities(line);","  var bulletsBelow = gameState.filter(function (item) {","    return item.up === line + 1 && item.type === 'bullet';","  });","","  if (entities.length > 0) {","    entities.forEach(function (item) {","      terminal.right(item.left).write(item.s[item.colour]);","      cursorReturn(item);","    });","    checkBullet(entities.concat(bulletsBelow));","    if (line === PLAYERLINE) {","      checkIntersects(entities);","    }","  }","}","","function writeCentre(msg, offset) {","  terminal.nl(MIDHEIGHT).write(msg).nl(MIDHEIGHT);","}","","function startSequence(startGameFn) {","  var _loop = function _loop(i) {","    setTimeout(function () {","      var str = ' '.repeat(i) + '>'.blue;","      terminal.write(str);","      terminal.left(str.length);","","      if (i === MIDWIDTH) {","        str = ' '.repeat(i) + '^'.blue;","","        var _loop2 = function _loop2(j) {","          setTimeout(function () {","            terminal.clearLine().nl().write(str);","","            if (j === PLAYERLINE - 1) {","              var _loop3 = function _loop3(k) {","                setTimeout(function () {","                  terminal.nl();","                  if (k === HEIGHT - PLAYERLINE - 1) {","                    startGameFn();","                  }","                }, 20 * k);","              };","","              for (var k = 0; k < HEIGHT - PLAYERLINE; k++) {","                _loop3(k);","              }","            }","          }, 20 * j);","        };","","        for (var j = 0; j < PLAYERLINE; j++) {","          _loop2(j);","        }","      }","    }, 10 * i);","  };","","  // TODO: Sort out this callback cancer","  for (var i = 0; i < MIDWIDTH + 1; i++) {","    _loop(i);","  }","}","","var SCORE = 0;","var ALIVE = true;","var LOOP = void 0;","","var gameState = [{","  type: 'player',","  s: '^',","  up: PLAYERLINE,","  left: MIDWIDTH,","  colour: 'blue'","}];","","var player = gameState[0];","","function checkBullet(entities) {","  var bullets = entities.filter(function (i) {","    return i.type === 'bullet';","  });","  var mobs = entities.filter(function (i) {","    return i.type === 'mob';","  });","  var bulletsToGo = [];","  bullets.forEach(function (bullet, bi) {","    // console.log(item.left, dangerZone)","    mobs.forEach(function (mob, mi) {","      if (intersects(bullet.left, mob.dangerZone) && !bullet.dead && !mob.dead) {","        bullet.dead = true;","        bullet.colour = 'black';","        mob.s = 'x'.repeat(mob.s.length);","        mob.dead = true;","        mob.colour = 'yellow';","        addScore(mob.s.length);","      }","    });","  });","}","","function checkIntersects(entities) {","  var playerPos = entities.find(function (item) {","    return item.type === 'player';","  }).left;","  var mobs = entities.filter(function (i) {","    return i.type === 'mob';","  });","  mobs.forEach(function (mob) {","    if (intersects(playerPos, mob.dangerZone) && !mob.dead) {","      ALIVE = false;","      setTimeout(gameOver, 1000);","    }","  });","}","","function timeDifference(d, dd) {","  var sec = 1000;","  var minute = sec * 60;","  var hour = minute * 60;","  var ms = Math.abs(d - dd);","","  var hours = parseInt(ms / hour, 10);","  ms -= hours * hour;","  var minutes = parseInt(ms / minute, 10);","  ms -= minutes * minute;","  var secs = parseInt(ms / sec, 10);","  ms -= secs * sec;","","  return [hours ? hours + ' hours,' : '', minutes ? minutes + ' minutes,' : '', secs + ' seconds'].join(' ').trim();","}","","function gameOver(win) {","  var playTime = timeDifference(new Date().getTime(), STARTTIME);","  if (win) {","    writeCentre('You win! Packages installed!\\nYour score was ' + SCORE + '.\\nInstallation took ' + playTime);","  } else {","    writeCentre(utils.getRandom(LOSEMSGS) + ('\\nYour score was ' + SCORE + '.\\nYou lasted ' + playTime));","  }","  process.exit(0);","}","","function intersects(pos, dangerZone) {","  if (dangerZone.indexOf(pos) !== -1) {","    return true;","  }","  return false;","}","","function generateMobs() {","  var packages = Object.keys(installingPackages);","  if (packages.length > 0 && Math.random() * 100 < DIFFICULTY) {","    var lastMsg = packages.pop();","    gameState.push(new Monster(lastMsg));","  }","}","","function addScore(int) {","  SCORE = SCORE + int;","}","","function startGame() {","  startSequence(function () {","    LOOP = interval(runLoop, FRAMERATE);","  });","}","","function fire() {","  gameState.push(new Bullet(player.left));","}","","function interval(func, wait, times) {","  var interv = function (w, t) {","    return function () {","      if (typeof t === \"undefined\" || t-- > 0) {","        setTimeout(interv, w);","        try {","          func.call(null);","        } catch (e) {","          t = 0;","          throw e.toString();","        }","      }","    };","  }(wait, times);","","  setTimeout(interv, wait);","};","","function runLoop() {","  if (ALIVE) {","    // term.clear();","    generateMobs();","    paintScreen();","  }","};","","var npmVersion = parseInt(child_process.execSync('npm --version').toString());","if (npmVersion < 3) {","  console.log('This game only works properly with NPM 3, please consider upgrading!');","}","","startListening();","startGame();"],"l":{"4":3,"6":1,"7":1,"8":1,"9":1,"10":1,"12":1,"13":1,"14":1,"15":1,"16":1,"17":1,"18":1,"19":1,"20":1,"21":1,"22":1,"23":1,"27":1,"38":3,"39":3,"44":6,"45":6,"46":120,"48":6,"53":0,"54":0,"56":0,"57":0,"58":0,"60":0,"61":0,"64":0,"65":0,"70":0,"71":0,"76":0,"77":0,"82":0,"83":0,"88":0,"89":0,"94":0,"95":0,"100":0,"101":0,"106":0,"107":0,"111":1,"115":0,"119":1,"121":0,"125":1,"126":0,"128":0,"129":0,"131":0,"132":0,"133":0,"134":0,"135":0,"138":0,"139":0,"140":0,"144":0,"153":0,"154":0,"155":0,"156":0,"157":0,"159":0,"160":0,"163":0,"164":0,"165":0,"166":0,"167":0,"169":0,"170":0,"171":0,"172":0,"173":0,"175":0,"178":0,"179":0,"183":1,"184":0,"186":0,"187":0,"188":0,"189":0,"190":0,"191":0,"192":0,"193":0,"194":0,"195":0,"198":0,"199":0,"200":0,"204":1,"205":1,"206":1,"208":1,"209":1,"210":1,"211":0,"214":1,"215":0,"216":0,"218":0,"221":1,"223":1,"226":1,"227":1,"229":0,"230":0,"231":0,"232":0,"234":0,"235":0,"237":0,"238":0,"239":0,"240":0,"242":0,"243":0,"245":1,"246":1,"247":1,"248":0,"252":1,"254":1,"256":1,"258":1,"262":1,"264":1,"265":1,"266":1,"267":1,"268":1,"271":1,"272":1,"273":0,"275":1,"276":1,"277":1,"279":0,"281":1,"282":1,"286":1,"287":2,"290":1,"291":1,"294":1,"295":0,"296":0,"299":1,"301":1,"303":1,"305":1,"306":0,"307":0,"308":0,"310":0,"312":0,"313":0,"314":0,"316":0,"317":0,"318":0,"320":0,"321":0,"322":0,"327":1,"328":0,"330":0,"332":0,"334":0,"336":0,"337":0,"338":0,"339":0,"342":0,"343":0,"344":0,"345":0,"348":0,"351":0,"352":0,"354":0,"358":1,"359":0,"362":1,"363":0,"364":0,"366":0,"370":1,"371":0,"372":0,"373":0,"376":0,"377":0,"378":0,"379":0,"381":0,"382":0,"383":0,"388":1,"389":3,"392":1,"393":1,"394":41,"395":0,"396":0,"397":0,"399":0,"400":0,"402":0,"403":0,"404":0,"406":0,"407":0,"408":0,"409":0,"410":0,"411":0,"416":0,"417":0,"423":0,"424":0,"431":1,"432":41,"436":1,"437":1,"438":1,"440":1,"448":1,"450":1,"451":0,"452":0,"454":0,"455":0,"457":0,"458":0,"460":0,"461":0,"462":0,"463":0,"464":0,"465":0,"466":0,"467":0,"473":1,"474":0,"475":0,"477":0,"478":0,"480":0,"481":0,"482":0,"483":0,"488":1,"489":3,"490":3,"491":3,"492":3,"494":3,"495":3,"496":3,"497":3,"498":3,"499":3,"501":3,"504":1,"505":3,"506":3,"507":3,"509":0,"511":3,"514":1,"515":0,"516":0,"518":0,"521":1,"522":0,"523":0,"524":0,"525":0,"529":1,"530":0,"533":1,"534":1,"535":0,"539":1,"540":0,"543":1,"544":0,"545":0,"546":0,"547":0,"548":0,"549":0,"551":0,"552":0,"558":0,"561":1,"562":0,"564":0,"565":0,"569":1,"570":1,"571":0,"574":1,"575":1}}}